<?xml version="1.0" encoding="UTF-8"?>
<!-- Generated by org.testng.reporters.JUnitXMLReporter -->
<testsuite ignored="0" hostname="NandanV" failures="1" tests="2" name="Surefire test" time="2.006" errors="0" timestamp="2025-12-11T22:54:54 IST">
  <testcase classname="AdvancePractice1.ReadDataFromCmdLineTest" name="cmdLine" time="0.01"/>
  <testcase classname="AdvancePractice1.ReadFromXmlFileTest" name="readXMLfile" time="1.917">
    <failure type="java.lang.NullPointerException">
      <![CDATA[java.lang.NullPointerException
at java.base/java.util.Objects.requireNonNull(Objects.java:233)
at java.base/java.util.ImmutableCollections$Map1.<init>(ImmutableCollections.java:1112)
at java.base/java.util.Map.of(Map.java:1365)
at org.openqa.selenium.remote.DriverCommand.GET(DriverCommand.java:176)
at org.openqa.selenium.remote.RemoteWebDriver.get(RemoteWebDriver.java:312)
at AdvancePractice1.ReadFromXmlFileTest.readXMLfile(ReadFromXmlFileTest.java:21)
at java.base/java.util.ArrayList.forEach(ArrayList.java:1596)
... Removed 30 stack frames]]>
    </failure>
  </testcase> <!-- readXMLfile -->
</testsuite> <!-- Surefire test -->
