<?xml version="1.0" encoding="UTF-8"?>
<!-- Generated by org.testng.reporters.JUnitXMLReporter -->
<testsuite ignored="0" hostname="NandanV" failures="1" tests="14" name="Surefire test" time="104.45" errors="0" timestamp="2025-12-30T14:49:15 IST">
  <testcase classname="AdvancePractice1.ReadDataFromCmdLineTest" name="cmdLine" time="0.012"/>
  <testcase classname="AdvancePractice1.ReadFromXmlFileTest" name="readXMLfile" time="8.683">
    <failure type="java.lang.NullPointerException">
      <![CDATA[java.lang.NullPointerException
at java.base/java.util.Objects.requireNonNull(Objects.java:233)
at java.base/java.util.ImmutableCollections$Map1.<init>(ImmutableCollections.java:1112)
at java.base/java.util.Map.of(Map.java:1365)
at org.openqa.selenium.remote.DriverCommand.GET(DriverCommand.java:176)
at org.openqa.selenium.remote.RemoteWebDriver.get(RemoteWebDriver.java:312)
at AdvancePractice1.ReadFromXmlFileTest.readXMLfile(ReadFromXmlFileTest.java:21)
at java.base/java.util.ArrayList.forEach(ArrayList.java:1596)
... Removed 30 stack frames]]>
    </failure>
  </testcase> <!-- readXMLfile -->
  <testcase classname="testNG_Practice.DataProviderTest" name="getData" time="12.158"/>
  <testcase classname="testNG_Practice.DataProviderTest" name="getData" time="6.065"/>
  <testcase classname="testNG_Practice.DataProviderTest" name="getData" time="4.315"/>
  <testcase classname="testNG_Practice.DataProviderTest" name="getData" time="4.276"/>
  <testcase classname="testNG_Practice.SampleTest" name="sample_1" time="0.001"/>
  <testcase classname="testNG_Practice.SampleTest" name="sample_4" time="0.001"/>
  <testcase classname="testNG_Practice.SampleTest" name="sample_2" time="0.001"/>
  <testcase classname="testNG_Practice.SampleTest" name="sample_5" time="0.001"/>
  <testcase classname="testNG_Practice.SampleTest" name="sample_6" time="0.001"/>
  <testcase classname="testNG_Practice.SampleTest" name="sample_7" time="0.001"/>
  <testcase classname="testpackage.TestPackageteTest1" name="test1" time="0.0"/>
  <testcase classname="troubletickets.CreateTroubleTicketWithCategoryTest" name="createTroubleTicketWithCategoryTest" time="67.353"/>
</testsuite> <!-- Surefire test -->
