<?xml version="1.0" encoding="UTF-8"?>
<!-- Generated by org.testng.reporters.JUnitXMLReporter -->
<testsuite ignored="2" hostname="NandanV" failures="0" tests="4" name="Test" time="22.734" errors="0" timestamp="2025-12-19T18:08:10 IST">
  <testcase classname="products.product" name="addNewProductInformationTest" time="6.783"/>
  <testcase classname="organization.Organization" name="createOrganizationTypeWithIndustryTypeTest" time="7.469"/>
  <testcase classname="products.product" name="editProductsTest" time="8.952"/>
  <testcase classname="organization.Organization" name="createOrganizationWithMandatoryFieldsTest" time="8.662"/>
  <testcase classname="genericUtilities.BaseClass" name="@AfterSuite disConnectToDB" time="0.0">
    <ignored/>
  </testcase> <!-- @AfterSuite disConnectToDB -->
  <testcase classname="genericUtilities.BaseClass" name="@BeforeSuite connectToDB" time="0.0">
    <ignored/>
  </testcase> <!-- @BeforeSuite connectToDB -->
</testsuite> <!-- Test -->
