<?xml version="1.0" encoding="UTF-8"?>
<!-- Generated by org.testng.reporters.JUnitXMLReporter -->
<testsuite ignored="4" hostname="NandanV" failures="0" tests="5" name="Test2" time="33.717" errors="0" timestamp="2025-12-19T18:08:44 IST">
  <testcase classname="opportunities.Opportunity" name="createOpportunitiesWithMandatoryFieldsTest" time="8.884"/>
  <testcase classname="calender.Calender" name="addEventInTheCalender" time="7.26"/>
  <testcase classname="opportunities.Opportunity" name="deleteOpportunitesTest" time="6.339"/>
  <testcase classname="contacts.Contact" name="createContactWithOrganizationName" time="8.101"/>
  <testcase classname="contacts.Contact" name="createContactsWithMandatoryFields" time="7.657"/>
  <testcase classname="genericUtilities.BaseClass" name="@AfterSuite disConnectToDB" time="0.0">
    <ignored/>
  </testcase> <!-- @AfterSuite disConnectToDB -->
  <testcase classname="genericUtilities.BaseClass" name="@BeforeSuite connectToDB" time="0.0">
    <ignored/>
  </testcase> <!-- @BeforeSuite connectToDB -->
  <testcase classname="genericUtilities.BaseClass" name="@BeforeSuite connectToDB" time="0.0">
    <ignored/>
  </testcase> <!-- @BeforeSuite connectToDB -->
  <testcase classname="genericUtilities.BaseClass" name="@AfterSuite disConnectToDB" time="0.0">
    <ignored/>
  </testcase> <!-- @AfterSuite disConnectToDB -->
</testsuite> <!-- Test2 -->
