<?xml version="1.0" encoding="UTF-8"?>
<testng-results ignored="0" total="9" passed="9" failed="0" skipped="0">
  <reporter-output>
  </reporter-output>
  <suite started-at="2025-12-31T12:07:18 IST" name="Suite" finished-at="2025-12-31T12:08:24 IST" duration-ms="66325">
    <groups>
      <group name="fumctional">
        <method signature="Organization.createOrganizationTypeWithIndustryTypeTest()[pri:0, instance:organization.Organization@515aebb0]" name="createOrganizationTypeWithIndustryTypeTest" class="organization.Organization"/>
      </group> <!-- fumctional -->
      <group name="regression">
        <method signature="Organization.createOrganizationTypeWithIndustryTypeTest()[pri:0, instance:organization.Organization@515aebb0]" name="createOrganizationTypeWithIndustryTypeTest" class="organization.Organization"/>
        <method signature="Organization.createOrganizationWithMandatoryFieldsTest()[pri:0, instance:organization.Organization@515aebb0]" name="createOrganizationWithMandatoryFieldsTest" class="organization.Organization"/>
        <method signature="product.addNewProductInformationTest()[pri:0, instance:products.product@5c5eefef]" name="addNewProductInformationTest" class="products.product"/>
        <method signature="product.editProductsTest()[pri:0, instance:products.product@5c5eefef]" name="editProductsTest" class="products.product"/>
        <method signature="Calender.addEventInTheCalender()[pri:0, instance:calender.Calender@5bf0d49]" name="addEventInTheCalender" class="calender.Calender"/>
        <method signature="Contact.createContactWithOrganizationName()[pri:0, instance:contacts.Contact@4afcd809]" name="createContactWithOrganizationName" class="contacts.Contact"/>
        <method signature="Contact.createContactsWithMandatoryFields()[pri:0, instance:contacts.Contact@4afcd809]" name="createContactsWithMandatoryFields" class="contacts.Contact"/>
        <method signature="Opportunity.deleteOpportunitesTest()[pri:0, instance:opportunities.Opportunity@62379589]" name="deleteOpportunitesTest" class="opportunities.Opportunity"/>
      </group> <!-- regression -->
      <group name="smoke">
        <method signature="Organization.createOrganizationTypeWithIndustryTypeTest()[pri:0, instance:organization.Organization@515aebb0]" name="createOrganizationTypeWithIndustryTypeTest" class="organization.Organization"/>
        <method signature="Opportunity.createOpportunitiesWithMandatoryFieldsTest()[pri:-1, instance:opportunities.Opportunity@62379589]" name="createOpportunitiesWithMandatoryFieldsTest" class="opportunities.Opportunity"/>
        <method signature="Contact.createContactsWithMandatoryFields()[pri:0, instance:contacts.Contact@4afcd809]" name="createContactsWithMandatoryFields" class="contacts.Contact"/>
        <method signature="Opportunity.deleteOpportunitesTest()[pri:0, instance:opportunities.Opportunity@62379589]" name="deleteOpportunitesTest" class="opportunities.Opportunity"/>
      </group> <!-- smoke -->
    </groups>
    <test started-at="2025-12-31T12:07:18 IST" name="Test" finished-at="2025-12-31T12:07:45 IST" duration-ms="26669">
      <class name="organization.Organization">
        <test-method is-config="true" signature="launchBrowser()[pri:0, instance:organization.Organization@515aebb0]" started-at="2025-12-31T12:07:18 IST" name="launchBrowser" finished-at="2025-12-31T12:07:20 IST" duration-ms="1988" status="PASS">
          <reporter-output>
          </reporter-output>
        </test-method> <!-- launchBrowser -->
        <test-method is-config="true" signature="loginToAppln()[pri:0, instance:organization.Organization@515aebb0]" started-at="2025-12-31T12:07:20 IST" name="loginToAppln" finished-at="2025-12-31T12:07:23 IST" duration-ms="2403" status="PASS">
          <reporter-output>
          </reporter-output>
        </test-method> <!-- loginToAppln -->
        <test-method signature="createOrganizationTypeWithIndustryTypeTest()[pri:0, instance:organization.Organization@515aebb0]" started-at="2025-12-31T12:07:23 IST" name="createOrganizationTypeWithIndustryTypeTest" finished-at="2025-12-31T12:07:32 IST" duration-ms="9505" status="PASS">
          <reporter-output>
          </reporter-output>
        </test-method> <!-- createOrganizationTypeWithIndustryTypeTest -->
        <test-method is-config="true" signature="logoutFromAppln()[pri:0, instance:organization.Organization@515aebb0]" started-at="2025-12-31T12:07:32 IST" name="logoutFromAppln" finished-at="2025-12-31T12:07:33 IST" duration-ms="1228" status="PASS">
          <reporter-output>
          </reporter-output>
        </test-method> <!-- logoutFromAppln -->
        <test-method is-config="true" signature="loginToAppln()[pri:0, instance:organization.Organization@515aebb0]" started-at="2025-12-31T12:07:33 IST" name="loginToAppln" finished-at="2025-12-31T12:07:33 IST" duration-ms="104" status="PASS">
          <reporter-output>
          </reporter-output>
        </test-method> <!-- loginToAppln -->
        <test-method signature="createOrganizationWithMandatoryFieldsTest()[pri:0, instance:organization.Organization@515aebb0]" started-at="2025-12-31T12:07:33 IST" name="createOrganizationWithMandatoryFieldsTest" finished-at="2025-12-31T12:07:43 IST" duration-ms="9832" status="PASS">
          <reporter-output>
          </reporter-output>
        </test-method> <!-- createOrganizationWithMandatoryFieldsTest -->
        <test-method is-config="true" signature="logoutFromAppln()[pri:0, instance:organization.Organization@515aebb0]" started-at="2025-12-31T12:07:43 IST" name="logoutFromAppln" finished-at="2025-12-31T12:07:45 IST" duration-ms="1304" status="PASS">
          <reporter-output>
          </reporter-output>
        </test-method> <!-- logoutFromAppln -->
        <test-method is-config="true" signature="logout()[pri:0, instance:organization.Organization@515aebb0]" started-at="2025-12-31T12:07:45 IST" name="logout" finished-at="2025-12-31T12:07:45 IST" duration-ms="96" status="PASS">
          <reporter-output>
          </reporter-output>
        </test-method> <!-- logout -->
      </class> <!-- organization.Organization -->
      <class name="products.product">
        <test-method is-config="true" signature="launchBrowser()[pri:0, instance:products.product@5c5eefef]" started-at="2025-12-31T12:07:18 IST" name="launchBrowser" finished-at="2025-12-31T12:07:20 IST" duration-ms="1978" status="PASS">
          <reporter-output>
          </reporter-output>
        </test-method> <!-- launchBrowser -->
        <test-method is-config="true" signature="loginToAppln()[pri:0, instance:products.product@5c5eefef]" started-at="2025-12-31T12:07:20 IST" name="loginToAppln" finished-at="2025-12-31T12:07:22 IST" duration-ms="2226" status="PASS">
          <reporter-output>
          </reporter-output>
        </test-method> <!-- loginToAppln -->
        <test-method signature="addNewProductInformationTest()[pri:0, instance:products.product@5c5eefef]" started-at="2025-12-31T12:07:22 IST" name="addNewProductInformationTest" finished-at="2025-12-31T12:07:31 IST" duration-ms="9036" status="PASS">
          <reporter-output>
          </reporter-output>
        </test-method> <!-- addNewProductInformationTest -->
        <test-method is-config="true" signature="logoutFromAppln()[pri:0, instance:products.product@5c5eefef]" started-at="2025-12-31T12:07:31 IST" name="logoutFromAppln" finished-at="2025-12-31T12:07:33 IST" duration-ms="1312" status="PASS">
          <reporter-output>
          </reporter-output>
        </test-method> <!-- logoutFromAppln -->
        <test-method is-config="true" signature="loginToAppln()[pri:0, instance:products.product@5c5eefef]" started-at="2025-12-31T12:07:33 IST" name="loginToAppln" finished-at="2025-12-31T12:07:33 IST" duration-ms="106" status="PASS">
          <reporter-output>
          </reporter-output>
        </test-method> <!-- loginToAppln -->
        <test-method signature="editProductsTest()[pri:0, instance:products.product@5c5eefef]" started-at="2025-12-31T12:07:33 IST" name="editProductsTest" finished-at="2025-12-31T12:07:43 IST" duration-ms="9859" status="PASS">
          <reporter-output>
          </reporter-output>
        </test-method> <!-- editProductsTest -->
        <test-method is-config="true" signature="logoutFromAppln()[pri:0, instance:products.product@5c5eefef]" started-at="2025-12-31T12:07:43 IST" name="logoutFromAppln" finished-at="2025-12-31T12:07:44 IST" duration-ms="1325" status="PASS">
          <reporter-output>
          </reporter-output>
        </test-method> <!-- logoutFromAppln -->
        <test-method is-config="true" signature="logout()[pri:0, instance:products.product@5c5eefef]" started-at="2025-12-31T12:07:44 IST" name="logout" finished-at="2025-12-31T12:07:44 IST" duration-ms="148" status="PASS">
          <reporter-output>
          </reporter-output>
        </test-method> <!-- logout -->
      </class> <!-- products.product -->
    </test> <!-- Test -->
    <test started-at="2025-12-31T12:07:45 IST" name="Test2" finished-at="2025-12-31T12:08:24 IST" duration-ms="39355">
      <class name="calender.Calender">
        <test-method is-config="true" signature="launchBrowser()[pri:0, instance:calender.Calender@5bf0d49]" started-at="2025-12-31T12:07:45 IST" name="launchBrowser" finished-at="2025-12-31T12:07:46 IST" duration-ms="1412" status="PASS">
          <reporter-output>
          </reporter-output>
        </test-method> <!-- launchBrowser -->
        <test-method is-config="true" signature="loginToAppln()[pri:0, instance:calender.Calender@5bf0d49]" started-at="2025-12-31T12:07:46 IST" name="loginToAppln" finished-at="2025-12-31T12:07:46 IST" duration-ms="135" status="PASS">
          <reporter-output>
          </reporter-output>
        </test-method> <!-- loginToAppln -->
        <test-method signature="addEventInTheCalender()[pri:0, instance:calender.Calender@5bf0d49]" started-at="2025-12-31T12:07:46 IST" name="addEventInTheCalender" finished-at="2025-12-31T12:07:54 IST" duration-ms="7469" status="PASS">
          <reporter-output>
          </reporter-output>
        </test-method> <!-- addEventInTheCalender -->
        <test-method is-config="true" signature="logoutFromAppln()[pri:0, instance:calender.Calender@5bf0d49]" started-at="2025-12-31T12:07:54 IST" name="logoutFromAppln" finished-at="2025-12-31T12:07:57 IST" duration-ms="3240" status="PASS">
          <reporter-output>
          </reporter-output>
        </test-method> <!-- logoutFromAppln -->
        <test-method is-config="true" signature="logout()[pri:0, instance:calender.Calender@5bf0d49]" started-at="2025-12-31T12:07:57 IST" name="logout" finished-at="2025-12-31T12:07:57 IST" duration-ms="119" status="PASS">
          <reporter-output>
          </reporter-output>
        </test-method> <!-- logout -->
      </class> <!-- calender.Calender -->
      <class name="contacts.Contact">
        <test-method is-config="true" signature="launchBrowser()[pri:0, instance:contacts.Contact@4afcd809]" started-at="2025-12-31T12:07:57 IST" name="launchBrowser" finished-at="2025-12-31T12:07:59 IST" duration-ms="1469" status="PASS">
          <reporter-output>
          </reporter-output>
        </test-method> <!-- launchBrowser -->
        <test-method is-config="true" signature="loginToAppln()[pri:0, instance:contacts.Contact@4afcd809]" started-at="2025-12-31T12:07:59 IST" name="loginToAppln" finished-at="2025-12-31T12:07:59 IST" duration-ms="147" status="PASS">
          <reporter-output>
          </reporter-output>
        </test-method> <!-- loginToAppln -->
        <test-method signature="createContactWithOrganizationName()[pri:0, instance:contacts.Contact@4afcd809]" started-at="2025-12-31T12:07:59 IST" name="createContactWithOrganizationName" finished-at="2025-12-31T12:08:11 IST" duration-ms="12377" status="PASS">
          <reporter-output>
          </reporter-output>
        </test-method> <!-- createContactWithOrganizationName -->
        <test-method is-config="true" signature="logoutFromAppln()[pri:0, instance:contacts.Contact@4afcd809]" started-at="2025-12-31T12:08:11 IST" name="logoutFromAppln" finished-at="2025-12-31T12:08:13 IST" duration-ms="1362" status="PASS">
          <reporter-output>
          </reporter-output>
        </test-method> <!-- logoutFromAppln -->
        <test-method is-config="true" signature="loginToAppln()[pri:0, instance:contacts.Contact@4afcd809]" started-at="2025-12-31T12:08:13 IST" name="loginToAppln" finished-at="2025-12-31T12:08:13 IST" duration-ms="120" status="PASS">
          <reporter-output>
          </reporter-output>
        </test-method> <!-- loginToAppln -->
        <test-method signature="createContactsWithMandatoryFields()[pri:0, instance:contacts.Contact@4afcd809]" started-at="2025-12-31T12:08:13 IST" name="createContactsWithMandatoryFields" finished-at="2025-12-31T12:08:23 IST" duration-ms="10136" status="PASS">
          <reporter-output>
          </reporter-output>
        </test-method> <!-- createContactsWithMandatoryFields -->
        <test-method is-config="true" signature="logoutFromAppln()[pri:0, instance:contacts.Contact@4afcd809]" started-at="2025-12-31T12:08:23 IST" name="logoutFromAppln" finished-at="2025-12-31T12:08:24 IST" duration-ms="1246" status="PASS">
          <reporter-output>
          </reporter-output>
        </test-method> <!-- logoutFromAppln -->
        <test-method is-config="true" signature="logout()[pri:0, instance:contacts.Contact@4afcd809]" started-at="2025-12-31T12:08:24 IST" name="logout" finished-at="2025-12-31T12:08:24 IST" duration-ms="112" status="PASS">
          <reporter-output>
          </reporter-output>
        </test-method> <!-- logout -->
      </class> <!-- contacts.Contact -->
      <class name="opportunities.Opportunity">
        <test-method is-config="true" signature="connectToDB()[pri:0, instance:opportunities.Opportunity@62379589]" started-at="2025-12-31T12:07:18 IST" name="connectToDB" finished-at="2025-12-31T12:07:18 IST" duration-ms="290" status="PASS">
          <reporter-output>
          </reporter-output>
        </test-method> <!-- connectToDB -->
        <test-method is-config="true" signature="launchBrowser()[pri:0, instance:opportunities.Opportunity@62379589]" started-at="2025-12-31T12:07:45 IST" name="launchBrowser" finished-at="2025-12-31T12:07:46 IST" duration-ms="1383" status="PASS">
          <reporter-output>
          </reporter-output>
        </test-method> <!-- launchBrowser -->
        <test-method is-config="true" signature="loginToAppln()[pri:0, instance:opportunities.Opportunity@62379589]" started-at="2025-12-31T12:07:46 IST" name="loginToAppln" finished-at="2025-12-31T12:07:48 IST" duration-ms="1937" status="PASS">
          <reporter-output>
          </reporter-output>
        </test-method> <!-- loginToAppln -->
        <test-method signature="createOpportunitiesWithMandatoryFieldsTest()[pri:-1, instance:opportunities.Opportunity@62379589]" started-at="2025-12-31T12:07:48 IST" name="createOpportunitiesWithMandatoryFieldsTest" finished-at="2025-12-31T12:07:55 IST" duration-ms="6998" status="PASS">
          <reporter-output>
          </reporter-output>
        </test-method> <!-- createOpportunitiesWithMandatoryFieldsTest -->
        <test-method is-config="true" signature="logoutFromAppln()[pri:0, instance:opportunities.Opportunity@62379589]" started-at="2025-12-31T12:07:55 IST" name="logoutFromAppln" finished-at="2025-12-31T12:07:57 IST" duration-ms="1251" status="PASS">
          <reporter-output>
          </reporter-output>
        </test-method> <!-- logoutFromAppln -->
        <test-method is-config="true" signature="loginToAppln()[pri:0, instance:opportunities.Opportunity@62379589]" started-at="2025-12-31T12:07:57 IST" name="loginToAppln" finished-at="2025-12-31T12:07:57 IST" duration-ms="129" status="PASS">
          <reporter-output>
          </reporter-output>
        </test-method> <!-- loginToAppln -->
        <test-method signature="deleteOpportunitesTest()[pri:0, instance:opportunities.Opportunity@62379589]" started-at="2025-12-31T12:07:57 IST" name="deleteOpportunitesTest" finished-at="2025-12-31T12:08:04 IST" duration-ms="7000" status="PASS">
          <reporter-output>
          </reporter-output>
        </test-method> <!-- deleteOpportunitesTest -->
        <test-method is-config="true" signature="logoutFromAppln()[pri:0, instance:opportunities.Opportunity@62379589]" started-at="2025-12-31T12:08:04 IST" name="logoutFromAppln" finished-at="2025-12-31T12:08:05 IST" duration-ms="1430" status="PASS">
          <reporter-output>
          </reporter-output>
        </test-method> <!-- logoutFromAppln -->
        <test-method is-config="true" signature="logout()[pri:0, instance:opportunities.Opportunity@62379589]" started-at="2025-12-31T12:08:05 IST" name="logout" finished-at="2025-12-31T12:08:05 IST" duration-ms="141" status="PASS">
          <reporter-output>
          </reporter-output>
        </test-method> <!-- logout -->
        <test-method is-config="true" signature="disConnectToDB()[pri:0, instance:opportunities.Opportunity@62379589]" started-at="2025-12-31T12:08:24 IST" name="disConnectToDB" finished-at="2025-12-31T12:08:24 IST" duration-ms="8" status="PASS">
          <reporter-output>
          </reporter-output>
        </test-method> <!-- disConnectToDB -->
      </class> <!-- opportunities.Opportunity -->
    </test> <!-- Test2 -->
  </suite> <!-- Suite -->
</testng-results>
