<?xml version="1.0" encoding="UTF-8"?>
<testng-results retried="1" ignored="1" total="11" passed="9" failed="0" skipped="0">
  <reporter-output>
  </reporter-output>
  <suite started-at="2025-12-30T15:17:43 IST" name="Suite" finished-at="2025-12-30T15:20:20 IST" duration-ms="156144">
    <groups>
      <group name="fumctional">
        <method signature="Organization.createOrganizationTypeWithIndustryTypeTest()[pri:0, instance:organization.Organization@515aebb0]" name="createOrganizationTypeWithIndustryTypeTest" class="organization.Organization"/>
      </group> <!-- fumctional -->
      <group name="regression">
        <method signature="Organization.createOrganizationTypeWithIndustryTypeTest()[pri:0, instance:organization.Organization@515aebb0]" name="createOrganizationTypeWithIndustryTypeTest" class="organization.Organization"/>
        <method signature="Organization.createOrganizationWithMandatoryFieldsTest()[pri:0, instance:organization.Organization@515aebb0]" name="createOrganizationWithMandatoryFieldsTest" class="organization.Organization"/>
        <method signature="product.addNewProductInformationTest()[pri:0, instance:products.product@5c5eefef]" name="addNewProductInformationTest" class="products.product"/>
        <method signature="product.editProductsTest()[pri:0, instance:products.product@5c5eefef]" name="editProductsTest" class="products.product"/>
        <method signature="Calender.addEventInTheCalender()[pri:0, instance:calender.Calender@5bf0d49]" name="addEventInTheCalender" class="calender.Calender"/>
        <method signature="Contact.createContactWithOrganizationName()[pri:0, instance:contacts.Contact@4afcd809]" name="createContactWithOrganizationName" class="contacts.Contact"/>
        <method signature="Contact.createContactsWithMandatoryFields()[pri:0, instance:contacts.Contact@4afcd809]" name="createContactsWithMandatoryFields" class="contacts.Contact"/>
        <method signature="Opportunity.deleteOpportunitesTest()[pri:0, instance:opportunities.Opportunity@62379589]" name="deleteOpportunitesTest" class="opportunities.Opportunity"/>
      </group> <!-- regression -->
      <group name="smoke">
        <method signature="Organization.createOrganizationTypeWithIndustryTypeTest()[pri:0, instance:organization.Organization@515aebb0]" name="createOrganizationTypeWithIndustryTypeTest" class="organization.Organization"/>
        <method signature="Opportunity.createOpportunitiesWithMandatoryFieldsTest()[pri:-1, instance:opportunities.Opportunity@62379589]" name="createOpportunitiesWithMandatoryFieldsTest" class="opportunities.Opportunity"/>
        <method signature="Contact.createContactsWithMandatoryFields()[pri:0, instance:contacts.Contact@4afcd809]" name="createContactsWithMandatoryFields" class="contacts.Contact"/>
        <method signature="Opportunity.deleteOpportunitesTest()[pri:0, instance:opportunities.Opportunity@62379589]" name="deleteOpportunitesTest" class="opportunities.Opportunity"/>
      </group> <!-- smoke -->
    </groups>
    <test started-at="2025-12-30T15:17:43 IST" name="Test" finished-at="2025-12-30T15:19:48 IST" duration-ms="124579">
      <class name="organization.Organization">
        <test-method is-config="true" signature="launchBrowser()[pri:0, instance:organization.Organization@515aebb0]" started-at="2025-12-30T15:17:44 IST" name="launchBrowser" finished-at="2025-12-30T15:17:47 IST" duration-ms="3524" status="PASS">
          <reporter-output>
          </reporter-output>
        </test-method> <!-- launchBrowser -->
        <test-method is-config="true" signature="loginToAppln()[pri:0, instance:organization.Organization@515aebb0]" started-at="2025-12-30T15:17:47 IST" name="loginToAppln" finished-at="2025-12-30T15:17:52 IST" duration-ms="4629" status="PASS">
          <reporter-output>
          </reporter-output>
        </test-method> <!-- loginToAppln -->
        <test-method signature="createOrganizationTypeWithIndustryTypeTest()[pri:0, instance:organization.Organization@515aebb0]" started-at="2025-12-30T15:17:52 IST" name="createOrganizationTypeWithIndustryTypeTest" finished-at="2025-12-30T15:18:12 IST" duration-ms="20014" status="PASS">
          <reporter-output>
          </reporter-output>
        </test-method> <!-- createOrganizationTypeWithIndustryTypeTest -->
        <test-method is-config="true" signature="logoutFromAppln()[pri:0, instance:organization.Organization@515aebb0]" started-at="2025-12-30T15:18:12 IST" name="logoutFromAppln" finished-at="2025-12-30T15:18:15 IST" duration-ms="2610" status="PASS">
          <reporter-output>
          </reporter-output>
        </test-method> <!-- logoutFromAppln -->
        <test-method is-config="true" signature="loginToAppln()[pri:0, instance:organization.Organization@515aebb0]" started-at="2025-12-30T15:18:15 IST" name="loginToAppln" finished-at="2025-12-30T15:18:19 IST" duration-ms="4448" status="PASS">
          <reporter-output>
          </reporter-output>
        </test-method> <!-- loginToAppln -->
        <test-method retried="true" signature="createOrganizationWithMandatoryFieldsTest()[pri:0, instance:organization.Organization@515aebb0]" started-at="2025-12-30T15:18:19 IST" name="createOrganizationWithMandatoryFieldsTest" finished-at="2025-12-30T15:18:32 IST" duration-ms="13155" status="SKIP">
          <exception class="org.openqa.selenium.NoSuchElementException">
            <message>
              <![CDATA[Unable to find element with locator By.xpath: //span[@class='dvHeaderText']
For documentation on this error, please visit: https://www.selenium.dev/documentation/webdriver/troubleshooting/errors#no-such-element-exception
Build info: version: '4.34.0', revision: '707dcb4246*'
System info: os.name: 'Windows 11', os.arch: 'amd64', os.version: '10.0', java.version: '21.0.9'
Driver info: driver.version: RemoteWebDriver]]>
            </message>
            <full-stacktrace>
              <![CDATA[org.openqa.selenium.NoSuchElementException: Unable to find element with locator By.xpath: //span[@class='dvHeaderText']
For documentation on this error, please visit: https://www.selenium.dev/documentation/webdriver/troubleshooting/errors#no-such-element-exception
Build info: version: '4.34.0', revision: '707dcb4246*'
System info: os.name: 'Windows 11', os.arch: 'amd64', os.version: '10.0', java.version: '21.0.9'
Driver info: driver.version: RemoteWebDriver
at org.openqa.selenium.remote.ElementLocation$ElementFinder$2.findElement(ElementLocation.java:168)
at org.openqa.selenium.remote.ElementLocation.findElement(ElementLocation.java:59)
at org.openqa.selenium.remote.RemoteWebDriver.findElement(RemoteWebDriver.java:367)
at org.openqa.selenium.remote.RemoteWebDriver.findElement(RemoteWebDriver.java:361)
at organization.Organization.createOrganizationWithMandatoryFieldsTest(Organization.java:38)
at java.base/jdk.internal.reflect.DirectMethodHandleAccessor.invoke(DirectMethodHandleAccessor.java:103)
at java.base/java.lang.reflect.Method.invoke(Method.java:580)
at org.testng.internal.invokers.MethodInvocationHelper.invokeMethod(MethodInvocationHelper.java:141)
at org.testng.internal.invokers.TestInvoker.invokeMethod(TestInvoker.java:686)
at org.testng.internal.invokers.TestInvoker.invokeTestMethod(TestInvoker.java:230)
at org.testng.internal.invokers.MethodRunner.runInSequence(MethodRunner.java:63)
at org.testng.internal.invokers.TestInvoker$MethodInvocationAgent.invoke(TestInvoker.java:992)
at org.testng.internal.invokers.TestInvoker.invokeTestMethods(TestInvoker.java:203)
at org.testng.internal.invokers.TestMethodWorker.invokeTestMethods(TestMethodWorker.java:154)
at org.testng.internal.invokers.TestMethodWorker.run(TestMethodWorker.java:134)
at java.base/java.util.concurrent.Executors$RunnableAdapter.call(Executors.java:572)
at java.base/java.util.concurrent.FutureTask.run(FutureTask.java:317)
at org.testng.internal.thread.graph.TestNGFutureTask.run(TestNGFutureTask.java:22)
at java.base/java.util.concurrent.ThreadPoolExecutor.runWorker(ThreadPoolExecutor.java:1144)
at java.base/java.util.concurrent.ThreadPoolExecutor$Worker.run(ThreadPoolExecutor.java:642)
at java.base/java.lang.Thread.run(Thread.java:1583)
]]>
            </full-stacktrace>
          </exception> <!-- org.openqa.selenium.NoSuchElementException -->
          <reporter-output>
          </reporter-output>
        </test-method> <!-- createOrganizationWithMandatoryFieldsTest -->
        <test-method is-config="true" signature="logoutFromAppln()[pri:0, instance:organization.Organization@515aebb0]" started-at="2025-12-30T15:18:32 IST" name="logoutFromAppln" finished-at="2025-12-30T15:18:32 IST" duration-ms="17" status="FAIL">
          <exception class="org.openqa.selenium.json.JsonException">
            <message>
              <![CDATA[java.lang.reflect.InvocationTargetException
Build info: version: '4.34.0', revision: '707dcb4246*'
System info: os.name: 'Windows 11', os.arch: 'amd64', os.version: '10.0', java.version: '21.0.9'
Driver info: org.openqa.selenium.chrome.ChromeDriver
Command: [198c480ddd5e39b7c33572fde5cebea5, actions {actions=[org.openqa.selenium.interactions.Sequence@63c4ef44]}]
Capabilities {acceptInsecureCerts: false, browserName: chrome, browserVersion: 143.0.7499.170, chrome: {chromedriverVersion: 143.0.7499.169 (164b20aab62..., userDataDir: C:\WINDOWS\SystemTemp\scope...}, fedcm:accounts: true, goog:chromeOptions: {debuggerAddress: localhost:61569}, goog:processID: 4188, networkConnectionEnabled: false, pageLoadStrategy: normal, platformName: windows, proxy: Proxy(), se:cdp: ws://localhost:61569/devtoo..., se:cdpVersion: 143.0.7499.170, setWindowRect: true, strictFileInteractability: false, timeouts: {implicit: 0, pageLoad: 300000, script: 30000}, unhandledPromptBehavior: dismiss and notify, webauthn:extension:credBlob: true, webauthn:extension:largeBlob: true, webauthn:extension:minPinLength: true, webauthn:extension:prf: true, webauthn:virtualAuthenticators: true}
Session ID: 198c480ddd5e39b7c33572fde5cebea5]]>
            </message>
            <full-stacktrace>
              <![CDATA[org.openqa.selenium.json.JsonException: java.lang.reflect.InvocationTargetException
Build info: version: '4.34.0', revision: '707dcb4246*'
System info: os.name: 'Windows 11', os.arch: 'amd64', os.version: '10.0', java.version: '21.0.9'
Driver info: org.openqa.selenium.chrome.ChromeDriver
Command: [198c480ddd5e39b7c33572fde5cebea5, actions {actions=[org.openqa.selenium.interactions.Sequence@63c4ef44]}]
Capabilities {acceptInsecureCerts: false, browserName: chrome, browserVersion: 143.0.7499.170, chrome: {chromedriverVersion: 143.0.7499.169 (164b20aab62..., userDataDir: C:\WINDOWS\SystemTemp\scope...}, fedcm:accounts: true, goog:chromeOptions: {debuggerAddress: localhost:61569}, goog:processID: 4188, networkConnectionEnabled: false, pageLoadStrategy: normal, platformName: windows, proxy: Proxy(), se:cdp: ws://localhost:61569/devtoo..., se:cdpVersion: 143.0.7499.170, setWindowRect: true, strictFileInteractability: false, timeouts: {implicit: 0, pageLoad: 300000, script: 30000}, unhandledPromptBehavior: dismiss and notify, webauthn:extension:credBlob: true, webauthn:extension:largeBlob: true, webauthn:extension:minPinLength: true, webauthn:extension:prf: true, webauthn:virtualAuthenticators: true}
Session ID: 198c480ddd5e39b7c33572fde5cebea5
at org.openqa.selenium.json.JsonOutput.convertUsingMethod(JsonOutput.java:520)
at org.openqa.selenium.json.JsonOutput.lambda$new$16(JsonOutput.java:182)
at org.openqa.selenium.json.JsonOutput.write0(JsonOutput.java:409)
at org.openqa.selenium.json.JsonOutput.lambda$new$22(JsonOutput.java:204)
at java.base/java.util.stream.ForEachOps$ForEachOp$OfRef.accept(ForEachOps.java:184)
at java.base/java.util.stream.ReferencePipeline$2$1.accept(ReferencePipeline.java:179)
at java.base/java.util.Iterator.forEachRemaining(Iterator.java:133)
at java.base/java.util.Spliterators$IteratorSpliterator.forEachRemaining(Spliterators.java:1939)
at java.base/java.util.stream.AbstractPipeline.copyInto(AbstractPipeline.java:509)
at java.base/java.util.stream.AbstractPipeline.wrapAndCopyInto(AbstractPipeline.java:499)
at java.base/java.util.stream.ForEachOps$ForEachOp.evaluateSequential(ForEachOps.java:151)
at java.base/java.util.stream.ForEachOps$ForEachOp$OfRef.evaluateSequential(ForEachOps.java:174)
at java.base/java.util.stream.AbstractPipeline.evaluate(AbstractPipeline.java:234)
at java.base/java.util.stream.ReferencePipeline.forEach(ReferencePipeline.java:596)
at org.openqa.selenium.json.JsonOutput.lambda$new$23(JsonOutput.java:204)
at org.openqa.selenium.json.JsonOutput.write0(JsonOutput.java:409)
at org.openqa.selenium.json.JsonOutput.lambda$new$24(JsonOutput.java:222)
at java.base/java.util.Map.forEach(Map.java:733)
at org.openqa.selenium.json.JsonOutput.lambda$new$25(JsonOutput.java:217)
at org.openqa.selenium.json.JsonOutput.write0(JsonOutput.java:409)
at org.openqa.selenium.json.JsonOutput.write(JsonOutput.java:400)
at org.openqa.selenium.json.Json.toJson(Json.java:133)
at org.openqa.selenium.json.Json.toJson(Json.java:119)
at org.openqa.selenium.remote.codec.AbstractHttpCommandCodec.encode(AbstractHttpCommandCodec.java:236)
at org.openqa.selenium.remote.codec.AbstractHttpCommandCodec.encode(AbstractHttpCommandCodec.java:109)
at org.openqa.selenium.remote.HttpCommandExecutor.execute(HttpCommandExecutor.java:203)
at org.openqa.selenium.remote.service.DriverCommandExecutor.invokeExecute(DriverCommandExecutor.java:216)
at org.openqa.selenium.remote.service.DriverCommandExecutor.execute(DriverCommandExecutor.java:174)
at org.openqa.selenium.remote.RemoteWebDriver.execute(RemoteWebDriver.java:544)
at org.openqa.selenium.remote.RemoteWebDriver.perform(RemoteWebDriver.java:630)
at org.openqa.selenium.interactions.Actions$BuiltAction.perform(Actions.java:616)
at org.openqa.selenium.interactions.Actions.perform(Actions.java:581)
at genericUtilities.WebDriverUtil.mouseHover(WebDriverUtil.java:102)
at ObjectRepo.HomePage.clicksignoutLink(HomePage.java:79)
at genericUtilities.BaseClass.logoutFromAppln(BaseClass.java:68)
at java.base/jdk.internal.reflect.DirectMethodHandleAccessor.invoke(DirectMethodHandleAccessor.java:103)
at java.base/java.lang.reflect.Method.invoke(Method.java:580)
at org.testng.internal.invokers.MethodInvocationHelper.invokeMethod(MethodInvocationHelper.java:141)
at org.testng.internal.invokers.MethodInvocationHelper.invokeMethodConsideringTimeout(MethodInvocationHelper.java:71)
at org.testng.internal.invokers.ConfigInvoker.invokeConfigurationMethod(ConfigInvoker.java:400)
at org.testng.internal.invokers.ConfigInvoker.invokeConfigurations(ConfigInvoker.java:333)
at org.testng.internal.invokers.TestInvoker.runConfigMethods(TestInvoker.java:833)
at org.testng.internal.invokers.TestInvoker.runAfterConfigurations(TestInvoker.java:802)
at org.testng.internal.invokers.TestInvoker.invokeMethod(TestInvoker.java:778)
at org.testng.internal.invokers.TestInvoker.invokeTestMethod(TestInvoker.java:230)
at org.testng.internal.invokers.MethodRunner.runInSequence(MethodRunner.java:63)
at org.testng.internal.invokers.TestInvoker$MethodInvocationAgent.invoke(TestInvoker.java:992)
at org.testng.internal.invokers.TestInvoker.invokeTestMethods(TestInvoker.java:203)
at org.testng.internal.invokers.TestMethodWorker.invokeTestMethods(TestMethodWorker.java:154)
at org.testng.internal.invokers.TestMethodWorker.run(TestMethodWorker.java:134)
at java.base/java.util.concurrent.Executors$RunnableAdapter.call(Executors.java:572)
at java.base/java.util.concurrent.FutureTask.run(FutureTask.java:317)
at org.testng.internal.thread.graph.TestNGFutureTask.run(TestNGFutureTask.java:22)
at java.base/java.util.concurrent.ThreadPoolExecutor.runWorker(ThreadPoolExecutor.java:1144)
at java.base/java.util.concurrent.ThreadPoolExecutor$Worker.run(ThreadPoolExecutor.java:642)
at java.base/java.lang.Thread.run(Thread.java:1583)
Suppressed: org.openqa.selenium.json.JsonException: Attempting to close incomplete json stream
Build info: version: '4.34.0', revision: '707dcb4246*'
System info: os.name: 'Windows 11', os.arch: 'amd64', os.version: '10.0', java.version: '21.0.9'
Driver info: driver.version: RemoteWebDriver
at org.openqa.selenium.json.JsonOutput.close(JsonOutput.java:431)
at org.openqa.selenium.json.Json.toJson(Json.java:131)
... 34 more
Caused by: java.lang.reflect.InvocationTargetException
at java.base/jdk.internal.reflect.DirectMethodHandleAccessor.invoke(DirectMethodHandleAccessor.java:118)
at java.base/java.lang.reflect.Method.invoke(Method.java:580)
at org.openqa.selenium.json.JsonOutput.convertUsingMethod(JsonOutput.java:516)
... 55 more
Caused by: org.openqa.selenium.UnhandledAlertException: unexpected alert open: {Alert text : Organization Name Already Exists!}
  (Session info: chrome=143.0.7499.170): Organization Name Already Exists!
Build info: version: '4.34.0', revision: '707dcb4246*'
System info: os.name: 'Windows 11', os.arch: 'amd64', os.version: '10.0', java.version: '21.0.9'
Driver info: org.openqa.selenium.chrome.ChromeDriver
Command: [198c480ddd5e39b7c33572fde5cebea5, findElement {using=xpath, value=//img[@src='themes/softed/images/user.PNG']}]
Capabilities {acceptInsecureCerts: false, browserName: chrome, browserVersion: 143.0.7499.170, chrome: {chromedriverVersion: 143.0.7499.169 (164b20aab62..., userDataDir: C:\WINDOWS\SystemTemp\scope...}, fedcm:accounts: true, goog:chromeOptions: {debuggerAddress: localhost:61569}, goog:processID: 4188, networkConnectionEnabled: false, pageLoadStrategy: normal, platformName: windows, proxy: Proxy(), se:cdp: ws://localhost:61569/devtoo..., se:cdpVersion: 143.0.7499.170, setWindowRect: true, strictFileInteractability: false, timeouts: {implicit: 0, pageLoad: 300000, script: 30000}, unhandledPromptBehavior: dismiss and notify, webauthn:extension:credBlob: true, webauthn:extension:largeBlob: true, webauthn:extension:minPinLength: true, webauthn:extension:prf: true, webauthn:virtualAuthenticators: true}
Session ID: 198c480ddd5e39b7c33572fde5cebea5
at org.openqa.selenium.remote.codec.w3c.W3CHttpResponseCodec.decode(W3CHttpResponseCodec.java:136)
at org.openqa.selenium.remote.codec.w3c.W3CHttpResponseCodec.decode(W3CHttpResponseCodec.java:50)
at org.openqa.selenium.remote.HttpCommandExecutor.execute(HttpCommandExecutor.java:215)
at org.openqa.selenium.remote.service.DriverCommandExecutor.invokeExecute(DriverCommandExecutor.java:216)
at org.openqa.selenium.remote.service.DriverCommandExecutor.execute(DriverCommandExecutor.java:174)
at org.openqa.selenium.remote.RemoteWebDriver.execute(RemoteWebDriver.java:544)
at org.openqa.selenium.remote.ElementLocation$ElementFinder$2.findElement(ElementLocation.java:165)
at org.openqa.selenium.remote.ElementLocation.findElement(ElementLocation.java:59)
at org.openqa.selenium.remote.RemoteWebDriver.findElement(RemoteWebDriver.java:367)
at org.openqa.selenium.remote.RemoteWebDriver.findElement(RemoteWebDriver.java:361)
at org.openqa.selenium.support.pagefactory.DefaultElementLocator.findElement(DefaultElementLocator.java:68)
at org.openqa.selenium.support.pagefactory.internal.LocatingElementHandler.invoke(LocatingElementHandler.java:38)
at jdk.proxy2/jdk.proxy2.$Proxy17.getWrappedElement(Unknown Source)
at org.openqa.selenium.interactions.PointerInput$Origin.asArg(PointerInput.java:262)
at org.openqa.selenium.interactions.PointerInput$Move.encode(PointerInput.java:211)
at org.openqa.selenium.interactions.Sequence.encode(Sequence.java:74)
at org.openqa.selenium.interactions.Sequence.toJson(Sequence.java:83)
at java.base/jdk.internal.reflect.DirectMethodHandleAccessor.invoke(DirectMethodHandleAccessor.java:103)
... 57 more
]]>
            </full-stacktrace>
          </exception> <!-- org.openqa.selenium.json.JsonException -->
          <reporter-output>
          </reporter-output>
        </test-method> <!-- logoutFromAppln -->
        <test-method is-config="true" signature="loginToAppln()[pri:0, instance:organization.Organization@515aebb0]" started-at="2025-12-30T15:18:32 IST" name="loginToAppln" finished-at="2025-12-30T15:18:42 IST" duration-ms="10035" status="FAIL">
          <exception class="org.openqa.selenium.NoSuchElementException">
            <message>
              <![CDATA[no such element: Unable to locate element: {"method":"css selector","selector":"*[name='user_name']"}
  (Session info: chrome=143.0.7499.170)
For documentation on this error, please visit: https://www.selenium.dev/documentation/webdriver/troubleshooting/errors#no-such-element-exception
Build info: version: '4.34.0', revision: '707dcb4246*'
System info: os.name: 'Windows 11', os.arch: 'amd64', os.version: '10.0', java.version: '21.0.9'
Driver info: org.openqa.selenium.chrome.ChromeDriver
Command: [198c480ddd5e39b7c33572fde5cebea5, findElement {using=name, value=user_name}]
Capabilities {acceptInsecureCerts: false, browserName: chrome, browserVersion: 143.0.7499.170, chrome: {chromedriverVersion: 143.0.7499.169 (164b20aab62..., userDataDir: C:\WINDOWS\SystemTemp\scope...}, fedcm:accounts: true, goog:chromeOptions: {debuggerAddress: localhost:61569}, goog:processID: 4188, networkConnectionEnabled: false, pageLoadStrategy: normal, platformName: windows, proxy: Proxy(), se:cdp: ws://localhost:61569/devtoo..., se:cdpVersion: 143.0.7499.170, setWindowRect: true, strictFileInteractability: false, timeouts: {implicit: 0, pageLoad: 300000, script: 30000}, unhandledPromptBehavior: dismiss and notify, webauthn:extension:credBlob: true, webauthn:extension:largeBlob: true, webauthn:extension:minPinLength: true, webauthn:extension:prf: true, webauthn:virtualAuthenticators: true}
Session ID: 198c480ddd5e39b7c33572fde5cebea5]]>
            </message>
            <full-stacktrace>
              <![CDATA[org.openqa.selenium.NoSuchElementException: no such element: Unable to locate element: {"method":"css selector","selector":"*[name='user_name']"}
  (Session info: chrome=143.0.7499.170)
For documentation on this error, please visit: https://www.selenium.dev/documentation/webdriver/troubleshooting/errors#no-such-element-exception
Build info: version: '4.34.0', revision: '707dcb4246*'
System info: os.name: 'Windows 11', os.arch: 'amd64', os.version: '10.0', java.version: '21.0.9'
Driver info: org.openqa.selenium.chrome.ChromeDriver
Command: [198c480ddd5e39b7c33572fde5cebea5, findElement {using=name, value=user_name}]
Capabilities {acceptInsecureCerts: false, browserName: chrome, browserVersion: 143.0.7499.170, chrome: {chromedriverVersion: 143.0.7499.169 (164b20aab62..., userDataDir: C:\WINDOWS\SystemTemp\scope...}, fedcm:accounts: true, goog:chromeOptions: {debuggerAddress: localhost:61569}, goog:processID: 4188, networkConnectionEnabled: false, pageLoadStrategy: normal, platformName: windows, proxy: Proxy(), se:cdp: ws://localhost:61569/devtoo..., se:cdpVersion: 143.0.7499.170, setWindowRect: true, strictFileInteractability: false, timeouts: {implicit: 0, pageLoad: 300000, script: 30000}, unhandledPromptBehavior: dismiss and notify, webauthn:extension:credBlob: true, webauthn:extension:largeBlob: true, webauthn:extension:minPinLength: true, webauthn:extension:prf: true, webauthn:virtualAuthenticators: true}
Session ID: 198c480ddd5e39b7c33572fde5cebea5
at java.base/jdk.internal.reflect.DirectConstructorHandleAccessor.newInstance(DirectConstructorHandleAccessor.java:62)
at java.base/java.lang.reflect.Constructor.newInstanceWithCaller(Constructor.java:502)
at java.base/java.lang.reflect.Constructor.newInstance(Constructor.java:486)
at org.openqa.selenium.remote.ErrorCodec.decode(ErrorCodec.java:167)
at org.openqa.selenium.remote.codec.w3c.W3CHttpResponseCodec.decode(W3CHttpResponseCodec.java:138)
at org.openqa.selenium.remote.codec.w3c.W3CHttpResponseCodec.decode(W3CHttpResponseCodec.java:50)
at org.openqa.selenium.remote.HttpCommandExecutor.execute(HttpCommandExecutor.java:215)
at org.openqa.selenium.remote.service.DriverCommandExecutor.invokeExecute(DriverCommandExecutor.java:216)
at org.openqa.selenium.remote.service.DriverCommandExecutor.execute(DriverCommandExecutor.java:174)
at org.openqa.selenium.remote.RemoteWebDriver.execute(RemoteWebDriver.java:544)
at org.openqa.selenium.remote.ElementLocation$ElementFinder$2.findElement(ElementLocation.java:165)
at org.openqa.selenium.remote.ElementLocation.findElement(ElementLocation.java:59)
at org.openqa.selenium.remote.RemoteWebDriver.findElement(RemoteWebDriver.java:367)
at org.openqa.selenium.remote.RemoteWebDriver.findElement(RemoteWebDriver.java:361)
at org.openqa.selenium.support.pagefactory.DefaultElementLocator.findElement(DefaultElementLocator.java:68)
at org.openqa.selenium.support.pagefactory.internal.LocatingElementHandler.invoke(LocatingElementHandler.java:38)
at jdk.proxy2/jdk.proxy2.$Proxy17.sendKeys(Unknown Source)
at ObjectRepo.LoginPage.login(LoginPage.java:34)
at genericUtilities.BaseClass.loginToAppln(BaseClass.java:61)
at java.base/jdk.internal.reflect.DirectMethodHandleAccessor.invoke(DirectMethodHandleAccessor.java:103)
at java.base/java.lang.reflect.Method.invoke(Method.java:580)
at org.testng.internal.invokers.MethodInvocationHelper.invokeMethod(MethodInvocationHelper.java:141)
at org.testng.internal.invokers.MethodInvocationHelper.invokeMethodConsideringTimeout(MethodInvocationHelper.java:71)
at org.testng.internal.invokers.ConfigInvoker.invokeConfigurationMethod(ConfigInvoker.java:400)
at org.testng.internal.invokers.ConfigInvoker.invokeConfigurations(ConfigInvoker.java:333)
at org.testng.internal.invokers.TestInvoker.runConfigMethods(TestInvoker.java:833)
at org.testng.internal.invokers.TestInvoker.invokeMethod(TestInvoker.java:600)
at org.testng.internal.invokers.TestInvoker.retryFailed(TestInvoker.java:269)
at org.testng.internal.invokers.MethodRunner.runInSequence(MethodRunner.java:76)
at org.testng.internal.invokers.TestInvoker$MethodInvocationAgent.invoke(TestInvoker.java:992)
at org.testng.internal.invokers.TestInvoker.invokeTestMethods(TestInvoker.java:203)
at org.testng.internal.invokers.TestMethodWorker.invokeTestMethods(TestMethodWorker.java:154)
at org.testng.internal.invokers.TestMethodWorker.run(TestMethodWorker.java:134)
at java.base/java.util.concurrent.Executors$RunnableAdapter.call(Executors.java:572)
at java.base/java.util.concurrent.FutureTask.run(FutureTask.java:317)
at org.testng.internal.thread.graph.TestNGFutureTask.run(TestNGFutureTask.java:22)
at java.base/java.util.concurrent.ThreadPoolExecutor.runWorker(ThreadPoolExecutor.java:1144)
at java.base/java.util.concurrent.ThreadPoolExecutor$Worker.run(ThreadPoolExecutor.java:642)
at java.base/java.lang.Thread.run(Thread.java:1583)
]]>
            </full-stacktrace>
          </exception> <!-- org.openqa.selenium.NoSuchElementException -->
          <reporter-output>
          </reporter-output>
        </test-method> <!-- loginToAppln -->
        <test-method signature="createOrganizationWithMandatoryFieldsTest()[pri:0, instance:organization.Organization@515aebb0]" started-at="2025-12-30T15:18:42 IST" name="createOrganizationWithMandatoryFieldsTest" finished-at="2025-12-30T15:19:47 IST" duration-ms="64323" status="PASS">
          <reporter-output>
          </reporter-output>
        </test-method> <!-- createOrganizationWithMandatoryFieldsTest -->
        <test-method is-config="true" signature="logoutFromAppln()[pri:0, instance:organization.Organization@515aebb0]" started-at="2025-12-30T15:19:47 IST" name="logoutFromAppln" finished-at="2025-12-30T15:19:48 IST" duration-ms="1230" status="PASS">
          <reporter-output>
          </reporter-output>
        </test-method> <!-- logoutFromAppln -->
        <test-method is-config="true" signature="logout()[pri:0, instance:organization.Organization@515aebb0]" started-at="2025-12-30T15:19:48 IST" name="logout" finished-at="2025-12-30T15:19:48 IST" duration-ms="134" status="PASS">
          <reporter-output>
          </reporter-output>
        </test-method> <!-- logout -->
      </class> <!-- organization.Organization -->
      <class name="products.product">
        <test-method is-config="true" signature="launchBrowser()[pri:0, instance:products.product@5c5eefef]" started-at="2025-12-30T15:17:44 IST" name="launchBrowser" finished-at="2025-12-30T15:17:47 IST" duration-ms="3527" status="PASS">
          <reporter-output>
          </reporter-output>
        </test-method> <!-- launchBrowser -->
        <test-method is-config="true" signature="loginToAppln()[pri:0, instance:products.product@5c5eefef]" started-at="2025-12-30T15:17:47 IST" name="loginToAppln" finished-at="2025-12-30T15:17:52 IST" duration-ms="4559" status="PASS">
          <reporter-output>
          </reporter-output>
        </test-method> <!-- loginToAppln -->
        <test-method signature="addNewProductInformationTest()[pri:0, instance:products.product@5c5eefef]" started-at="2025-12-30T15:17:52 IST" name="addNewProductInformationTest" finished-at="2025-12-30T15:18:10 IST" duration-ms="18511" status="PASS">
          <reporter-output>
          </reporter-output>
        </test-method> <!-- addNewProductInformationTest -->
        <test-method is-config="true" signature="logoutFromAppln()[pri:0, instance:products.product@5c5eefef]" started-at="2025-12-30T15:18:10 IST" name="logoutFromAppln" finished-at="2025-12-30T15:18:13 IST" duration-ms="2686" status="PASS">
          <reporter-output>
          </reporter-output>
        </test-method> <!-- logoutFromAppln -->
        <test-method is-config="true" signature="loginToAppln()[pri:0, instance:products.product@5c5eefef]" started-at="2025-12-30T15:18:13 IST" name="loginToAppln" finished-at="2025-12-30T15:18:18 IST" duration-ms="4443" status="PASS">
          <reporter-output>
          </reporter-output>
        </test-method> <!-- loginToAppln -->
        <test-method signature="editProductsTest()[pri:0, instance:products.product@5c5eefef]" started-at="2025-12-30T15:18:18 IST" name="editProductsTest" finished-at="2025-12-30T15:18:37 IST" duration-ms="19159" status="PASS">
          <reporter-output>
          </reporter-output>
        </test-method> <!-- editProductsTest -->
        <test-method is-config="true" signature="logoutFromAppln()[pri:0, instance:products.product@5c5eefef]" started-at="2025-12-30T15:18:37 IST" name="logoutFromAppln" finished-at="2025-12-30T15:18:39 IST" duration-ms="1776" status="PASS">
          <reporter-output>
          </reporter-output>
        </test-method> <!-- logoutFromAppln -->
        <test-method is-config="true" signature="logout()[pri:0, instance:products.product@5c5eefef]" started-at="2025-12-30T15:18:39 IST" name="logout" finished-at="2025-12-30T15:18:39 IST" duration-ms="172" status="PASS">
          <reporter-output>
          </reporter-output>
        </test-method> <!-- logout -->
      </class> <!-- products.product -->
    </test> <!-- Test -->
    <test started-at="2025-12-30T15:19:48 IST" name="Test2" finished-at="2025-12-30T15:20:20 IST" duration-ms="31264">
      <class name="calender.Calender">
        <test-method is-config="true" signature="launchBrowser()[pri:0, instance:calender.Calender@5bf0d49]" started-at="2025-12-30T15:19:48 IST" name="launchBrowser" finished-at="2025-12-30T15:19:50 IST" duration-ms="1390" status="PASS">
          <reporter-output>
          </reporter-output>
        </test-method> <!-- launchBrowser -->
        <test-method is-config="true" signature="loginToAppln()[pri:0, instance:calender.Calender@5bf0d49]" started-at="2025-12-30T15:19:50 IST" name="loginToAppln" finished-at="2025-12-30T15:19:50 IST" duration-ms="130" status="PASS">
          <reporter-output>
          </reporter-output>
        </test-method> <!-- loginToAppln -->
        <test-method signature="addEventInTheCalender()[pri:0, instance:calender.Calender@5bf0d49]" started-at="2025-12-30T15:19:50 IST" name="addEventInTheCalender" finished-at="2025-12-30T15:19:58 IST" duration-ms="8419" status="PASS">
          <reporter-output>
          </reporter-output>
        </test-method> <!-- addEventInTheCalender -->
        <test-method is-config="true" signature="logoutFromAppln()[pri:0, instance:calender.Calender@5bf0d49]" started-at="2025-12-30T15:19:58 IST" name="logoutFromAppln" finished-at="2025-12-30T15:19:59 IST" duration-ms="1144" status="PASS">
          <reporter-output>
          </reporter-output>
        </test-method> <!-- logoutFromAppln -->
        <test-method is-config="true" signature="logout()[pri:0, instance:calender.Calender@5bf0d49]" started-at="2025-12-30T15:19:59 IST" name="logout" finished-at="2025-12-30T15:20:00 IST" duration-ms="99" status="PASS">
          <reporter-output>
          </reporter-output>
        </test-method> <!-- logout -->
      </class> <!-- calender.Calender -->
      <class name="contacts.Contact">
        <test-method is-config="true" signature="launchBrowser()[pri:0, instance:contacts.Contact@4afcd809]" started-at="2025-12-30T15:20:00 IST" name="launchBrowser" finished-at="2025-12-30T15:20:01 IST" duration-ms="1287" status="PASS">
          <reporter-output>
          </reporter-output>
        </test-method> <!-- launchBrowser -->
        <test-method is-config="true" signature="loginToAppln()[pri:0, instance:contacts.Contact@4afcd809]" started-at="2025-12-30T15:20:01 IST" name="loginToAppln" finished-at="2025-12-30T15:20:03 IST" duration-ms="1706" status="PASS">
          <reporter-output>
          </reporter-output>
        </test-method> <!-- loginToAppln -->
        <test-method signature="createContactWithOrganizationName()[pri:0, instance:contacts.Contact@4afcd809]" started-at="2025-12-30T15:20:03 IST" name="createContactWithOrganizationName" finished-at="2025-12-30T15:20:10 IST" duration-ms="7461" status="PASS">
          <reporter-output>
          </reporter-output>
        </test-method> <!-- createContactWithOrganizationName -->
        <test-method is-config="true" signature="logoutFromAppln()[pri:0, instance:contacts.Contact@4afcd809]" started-at="2025-12-30T15:20:10 IST" name="logoutFromAppln" finished-at="2025-12-30T15:20:11 IST" duration-ms="1097" status="PASS">
          <reporter-output>
          </reporter-output>
        </test-method> <!-- logoutFromAppln -->
        <test-method is-config="true" signature="loginToAppln()[pri:0, instance:contacts.Contact@4afcd809]" started-at="2025-12-30T15:20:11 IST" name="loginToAppln" finished-at="2025-12-30T15:20:11 IST" duration-ms="99" status="PASS">
          <reporter-output>
          </reporter-output>
        </test-method> <!-- loginToAppln -->
        <test-method signature="createContactsWithMandatoryFields()[pri:0, instance:contacts.Contact@4afcd809]" started-at="2025-12-30T15:20:11 IST" name="createContactsWithMandatoryFields" finished-at="2025-12-30T15:20:18 IST" duration-ms="7212" status="PASS">
          <reporter-output>
          </reporter-output>
        </test-method> <!-- createContactsWithMandatoryFields -->
        <test-method is-config="true" signature="logoutFromAppln()[pri:0, instance:contacts.Contact@4afcd809]" started-at="2025-12-30T15:20:18 IST" name="logoutFromAppln" finished-at="2025-12-30T15:20:19 IST" duration-ms="1100" status="PASS">
          <reporter-output>
          </reporter-output>
        </test-method> <!-- logoutFromAppln -->
        <test-method is-config="true" signature="logout()[pri:0, instance:contacts.Contact@4afcd809]" started-at="2025-12-30T15:20:19 IST" name="logout" finished-at="2025-12-30T15:20:20 IST" duration-ms="108" status="PASS">
          <reporter-output>
          </reporter-output>
        </test-method> <!-- logout -->
      </class> <!-- contacts.Contact -->
      <class name="opportunities.Opportunity">
        <test-method is-config="true" signature="connectToDB()[pri:0, instance:opportunities.Opportunity@62379589]" started-at="2025-12-30T15:17:43 IST" name="connectToDB" finished-at="2025-12-30T15:17:43 IST" duration-ms="592" status="PASS">
          <reporter-output>
          </reporter-output>
        </test-method> <!-- connectToDB -->
        <test-method is-config="true" signature="launchBrowser()[pri:0, instance:opportunities.Opportunity@62379589]" started-at="2025-12-30T15:19:48 IST" name="launchBrowser" finished-at="2025-12-30T15:19:50 IST" duration-ms="1310" status="PASS">
          <reporter-output>
          </reporter-output>
        </test-method> <!-- launchBrowser -->
        <test-method is-config="true" signature="loginToAppln()[pri:0, instance:opportunities.Opportunity@62379589]" started-at="2025-12-30T15:19:50 IST" name="loginToAppln" finished-at="2025-12-30T15:19:51 IST" duration-ms="1648" status="PASS">
          <reporter-output>
          </reporter-output>
        </test-method> <!-- loginToAppln -->
        <test-method signature="createOpportunitiesWithMandatoryFieldsTest()[pri:-1, instance:opportunities.Opportunity@62379589]" started-at="2025-12-30T15:19:51 IST" name="createOpportunitiesWithMandatoryFieldsTest" finished-at="2025-12-30T15:19:58 IST" duration-ms="6618" status="PASS">
          <reporter-output>
          </reporter-output>
        </test-method> <!-- createOpportunitiesWithMandatoryFieldsTest -->
        <test-method is-config="true" signature="logoutFromAppln()[pri:0, instance:opportunities.Opportunity@62379589]" started-at="2025-12-30T15:19:58 IST" name="logoutFromAppln" finished-at="2025-12-30T15:19:59 IST" duration-ms="1103" status="PASS">
          <reporter-output>
          </reporter-output>
        </test-method> <!-- logoutFromAppln -->
        <test-method is-config="true" signature="loginToAppln()[pri:0, instance:opportunities.Opportunity@62379589]" started-at="2025-12-30T15:19:59 IST" name="loginToAppln" finished-at="2025-12-30T15:19:59 IST" duration-ms="99" status="PASS">
          <reporter-output>
          </reporter-output>
        </test-method> <!-- loginToAppln -->
        <test-method signature="deleteOpportunitesTest()[pri:0, instance:opportunities.Opportunity@62379589]" started-at="2025-12-30T15:19:59 IST" name="deleteOpportunitesTest" finished-at="2025-12-30T15:20:05 IST" duration-ms="5798" status="PASS">
          <reporter-output>
          </reporter-output>
        </test-method> <!-- deleteOpportunitesTest -->
        <test-method is-config="true" signature="logoutFromAppln()[pri:0, instance:opportunities.Opportunity@62379589]" started-at="2025-12-30T15:20:05 IST" name="logoutFromAppln" finished-at="2025-12-30T15:20:06 IST" duration-ms="1090" status="PASS">
          <reporter-output>
          </reporter-output>
        </test-method> <!-- logoutFromAppln -->
        <test-method is-config="true" signature="logout()[pri:0, instance:opportunities.Opportunity@62379589]" started-at="2025-12-30T15:20:06 IST" name="logout" finished-at="2025-12-30T15:20:06 IST" duration-ms="126" status="PASS">
          <reporter-output>
          </reporter-output>
        </test-method> <!-- logout -->
        <test-method is-config="true" signature="disConnectToDB()[pri:0, instance:opportunities.Opportunity@62379589]" started-at="2025-12-30T15:20:20 IST" name="disConnectToDB" finished-at="2025-12-30T15:20:20 IST" duration-ms="6" status="PASS">
          <reporter-output>
          </reporter-output>
        </test-method> <!-- disConnectToDB -->
      </class> <!-- opportunities.Opportunity -->
    </test> <!-- Test2 -->
  </suite> <!-- Suite -->
</testng-results>
