<?xml version="1.0" encoding="UTF-8"?>
<testng-results ignored="0" total="9" passed="7" failed="1" skipped="1">
  <reporter-output>
  </reporter-output>
  <suite started-at="2025-12-30T17:07:13 IST" name="Suite" finished-at="2025-12-30T17:08:07 IST" duration-ms="53650">
    <groups>
      <group name="fumctional">
        <method signature="Organization.createOrganizationTypeWithIndustryTypeTest()[pri:0, instance:organization.Organization@515aebb0]" name="createOrganizationTypeWithIndustryTypeTest" class="organization.Organization"/>
      </group> <!-- fumctional -->
      <group name="regression">
        <method signature="Organization.createOrganizationTypeWithIndustryTypeTest()[pri:0, instance:organization.Organization@515aebb0]" name="createOrganizationTypeWithIndustryTypeTest" class="organization.Organization"/>
        <method signature="Organization.createOrganizationWithMandatoryFieldsTest()[pri:0, instance:organization.Organization@515aebb0]" name="createOrganizationWithMandatoryFieldsTest" class="organization.Organization"/>
        <method signature="product.addNewProductInformationTest()[pri:0, instance:products.product@5c5eefef]" name="addNewProductInformationTest" class="products.product"/>
        <method signature="product.editProductsTest()[pri:0, instance:products.product@5c5eefef]" name="editProductsTest" class="products.product"/>
        <method signature="Calender.addEventInTheCalender()[pri:0, instance:calender.Calender@5bf0d49]" name="addEventInTheCalender" class="calender.Calender"/>
        <method signature="Contact.createContactWithOrganizationName()[pri:0, instance:contacts.Contact@4afcd809]" name="createContactWithOrganizationName" class="contacts.Contact"/>
        <method signature="Contact.createContactsWithMandatoryFields()[pri:0, instance:contacts.Contact@4afcd809]" name="createContactsWithMandatoryFields" class="contacts.Contact"/>
        <method signature="Opportunity.deleteOpportunitesTest()[pri:0, instance:opportunities.Opportunity@62379589]" name="deleteOpportunitesTest" class="opportunities.Opportunity"/>
      </group> <!-- regression -->
      <group name="smoke">
        <method signature="Organization.createOrganizationTypeWithIndustryTypeTest()[pri:0, instance:organization.Organization@515aebb0]" name="createOrganizationTypeWithIndustryTypeTest" class="organization.Organization"/>
        <method signature="Opportunity.createOpportunitiesWithMandatoryFieldsTest()[pri:-1, instance:opportunities.Opportunity@62379589]" name="createOpportunitiesWithMandatoryFieldsTest" class="opportunities.Opportunity"/>
        <method signature="Contact.createContactsWithMandatoryFields()[pri:0, instance:contacts.Contact@4afcd809]" name="createContactsWithMandatoryFields" class="contacts.Contact"/>
        <method signature="Opportunity.deleteOpportunitesTest()[pri:0, instance:opportunities.Opportunity@62379589]" name="deleteOpportunitesTest" class="opportunities.Opportunity"/>
      </group> <!-- smoke -->
    </groups>
    <test started-at="2025-12-30T17:07:13 IST" name="Test" finished-at="2025-12-30T17:07:36 IST" duration-ms="22306">
      <class name="organization.Organization">
        <test-method is-config="true" signature="launchBrowser()[pri:0, instance:organization.Organization@515aebb0]" started-at="2025-12-30T17:07:14 IST" name="launchBrowser" finished-at="2025-12-30T17:07:16 IST" duration-ms="2681" status="PASS">
          <reporter-output>
          </reporter-output>
        </test-method> <!-- launchBrowser -->
        <test-method signature="createOrganizationTypeWithIndustryTypeTest()[pri:0, instance:organization.Organization@515aebb0]" started-at="2025-12-30T17:07:16 IST" name="createOrganizationTypeWithIndustryTypeTest" finished-at="2025-12-30T17:07:24 IST" duration-ms="7789" status="FAIL">
          <exception class="org.openqa.selenium.UnhandledAlertException">
            <message>
              <![CDATA[unexpected alert open: {Alert text : Organization Name Already Exists!}
  (Session info: chrome=143.0.7499.170): Organization Name Already Exists!
Build info: version: '4.34.0', revision: '707dcb4246*'
System info: os.name: 'Windows 11', os.arch: 'amd64', os.version: '10.0', java.version: '21.0.9'
Driver info: org.openqa.selenium.chrome.ChromeDriver
Command: [218ebb7559376f16f67524e7ad0927ef, screenshot {}]
Capabilities {acceptInsecureCerts: false, browserName: chrome, browserVersion: 143.0.7499.170, chrome: {chromedriverVersion: 143.0.7499.169 (164b20aab62..., userDataDir: C:\WINDOWS\SystemTemp\scope...}, fedcm:accounts: true, goog:chromeOptions: {debuggerAddress: localhost:56999}, goog:processID: 10524, networkConnectionEnabled: false, pageLoadStrategy: normal, platformName: windows, proxy: Proxy(), se:cdp: ws://localhost:56999/devtoo..., se:cdpVersion: 143.0.7499.170, setWindowRect: true, strictFileInteractability: false, timeouts: {implicit: 0, pageLoad: 300000, script: 30000}, unhandledPromptBehavior: dismiss and notify, webauthn:extension:credBlob: true, webauthn:extension:largeBlob: true, webauthn:extension:minPinLength: true, webauthn:extension:prf: true, webauthn:virtualAuthenticators: true}
Session ID: 218ebb7559376f16f67524e7ad0927ef]]>
            </message>
            <full-stacktrace>
              <![CDATA[org.openqa.selenium.UnhandledAlertException: unexpected alert open: {Alert text : Organization Name Already Exists!}
  (Session info: chrome=143.0.7499.170): Organization Name Already Exists!
Build info: version: '4.34.0', revision: '707dcb4246*'
System info: os.name: 'Windows 11', os.arch: 'amd64', os.version: '10.0', java.version: '21.0.9'
Driver info: org.openqa.selenium.chrome.ChromeDriver
Command: [218ebb7559376f16f67524e7ad0927ef, screenshot {}]
Capabilities {acceptInsecureCerts: false, browserName: chrome, browserVersion: 143.0.7499.170, chrome: {chromedriverVersion: 143.0.7499.169 (164b20aab62..., userDataDir: C:\WINDOWS\SystemTemp\scope...}, fedcm:accounts: true, goog:chromeOptions: {debuggerAddress: localhost:56999}, goog:processID: 10524, networkConnectionEnabled: false, pageLoadStrategy: normal, platformName: windows, proxy: Proxy(), se:cdp: ws://localhost:56999/devtoo..., se:cdpVersion: 143.0.7499.170, setWindowRect: true, strictFileInteractability: false, timeouts: {implicit: 0, pageLoad: 300000, script: 30000}, unhandledPromptBehavior: dismiss and notify, webauthn:extension:credBlob: true, webauthn:extension:largeBlob: true, webauthn:extension:minPinLength: true, webauthn:extension:prf: true, webauthn:virtualAuthenticators: true}
Session ID: 218ebb7559376f16f67524e7ad0927ef
at org.openqa.selenium.remote.codec.w3c.W3CHttpResponseCodec.decode(W3CHttpResponseCodec.java:136)
at org.openqa.selenium.remote.codec.w3c.W3CHttpResponseCodec.decode(W3CHttpResponseCodec.java:50)
at org.openqa.selenium.remote.HttpCommandExecutor.execute(HttpCommandExecutor.java:215)
at org.openqa.selenium.remote.service.DriverCommandExecutor.invokeExecute(DriverCommandExecutor.java:216)
at org.openqa.selenium.remote.service.DriverCommandExecutor.execute(DriverCommandExecutor.java:174)
at org.openqa.selenium.remote.RemoteWebDriver.execute(RemoteWebDriver.java:544)
at org.openqa.selenium.remote.RemoteWebDriver.execute(RemoteWebDriver.java:617)
at org.openqa.selenium.remote.RemoteWebDriver.execute(RemoteWebDriver.java:621)
at org.openqa.selenium.remote.RemoteWebDriver.getScreenshotAs(RemoteWebDriver.java:333)
at genericUtilities.ListenersImplimentationClass.onTestFailure(ListenersImplimentationClass.java:50)
at org.testng.internal.TestListenerHelper.runTestListeners(TestListenerHelper.java:115)
at org.testng.internal.invokers.TestInvoker.runTestResultListener(TestInvoker.java:285)
at org.testng.internal.invokers.TestInvoker.invokeMethod(TestInvoker.java:774)
at org.testng.internal.invokers.TestInvoker.invokeTestMethod(TestInvoker.java:230)
at org.testng.internal.invokers.MethodRunner.runInSequence(MethodRunner.java:63)
at org.testng.internal.invokers.TestInvoker$MethodInvocationAgent.invoke(TestInvoker.java:992)
at org.testng.internal.invokers.TestInvoker.invokeTestMethods(TestInvoker.java:203)
at org.testng.internal.invokers.TestMethodWorker.invokeTestMethods(TestMethodWorker.java:154)
at org.testng.internal.invokers.TestMethodWorker.run(TestMethodWorker.java:134)
at java.base/java.util.concurrent.Executors$RunnableAdapter.call(Executors.java:572)
at java.base/java.util.concurrent.FutureTask.run(FutureTask.java:317)
at org.testng.internal.thread.graph.TestNGFutureTask.run(TestNGFutureTask.java:22)
at java.base/java.util.concurrent.ThreadPoolExecutor.runWorker(ThreadPoolExecutor.java:1144)
at java.base/java.util.concurrent.ThreadPoolExecutor$Worker.run(ThreadPoolExecutor.java:642)
at java.base/java.lang.Thread.run(Thread.java:1583)
]]>
            </full-stacktrace>
          </exception> <!-- org.openqa.selenium.UnhandledAlertException -->
          <reporter-output>
          </reporter-output>
        </test-method> <!-- createOrganizationTypeWithIndustryTypeTest -->
        <test-method is-config="true" signature="loginToAppln()[pri:0, instance:organization.Organization@515aebb0]" started-at="2025-12-30T17:07:16 IST" name="loginToAppln" finished-at="2025-12-30T17:07:18 IST" duration-ms="1940" status="PASS">
          <reporter-output>
          </reporter-output>
        </test-method> <!-- loginToAppln -->
        <test-method is-config="true" signature="loginToAppln()[pri:0, instance:organization.Organization@515aebb0]" started-at="2025-12-30T17:07:24 IST" name="loginToAppln" finished-at="2025-12-30T17:07:34 IST" duration-ms="10040" status="FAIL">
          <exception class="org.openqa.selenium.NoSuchElementException">
            <message>
              <![CDATA[no such element: Unable to locate element: {"method":"css selector","selector":"*[name='user_name']"}
  (Session info: chrome=143.0.7499.170)
For documentation on this error, please visit: https://www.selenium.dev/documentation/webdriver/troubleshooting/errors#no-such-element-exception
Build info: version: '4.34.0', revision: '707dcb4246*'
System info: os.name: 'Windows 11', os.arch: 'amd64', os.version: '10.0', java.version: '21.0.9'
Driver info: org.openqa.selenium.chrome.ChromeDriver
Command: [218ebb7559376f16f67524e7ad0927ef, findElement {value=user_name, using=name}]
Capabilities {acceptInsecureCerts: false, browserName: chrome, browserVersion: 143.0.7499.170, chrome: {chromedriverVersion: 143.0.7499.169 (164b20aab62..., userDataDir: C:\WINDOWS\SystemTemp\scope...}, fedcm:accounts: true, goog:chromeOptions: {debuggerAddress: localhost:56999}, goog:processID: 10524, networkConnectionEnabled: false, pageLoadStrategy: normal, platformName: windows, proxy: Proxy(), se:cdp: ws://localhost:56999/devtoo..., se:cdpVersion: 143.0.7499.170, setWindowRect: true, strictFileInteractability: false, timeouts: {implicit: 0, pageLoad: 300000, script: 30000}, unhandledPromptBehavior: dismiss and notify, webauthn:extension:credBlob: true, webauthn:extension:largeBlob: true, webauthn:extension:minPinLength: true, webauthn:extension:prf: true, webauthn:virtualAuthenticators: true}
Session ID: 218ebb7559376f16f67524e7ad0927ef]]>
            </message>
            <full-stacktrace>
              <![CDATA[org.openqa.selenium.NoSuchElementException: no such element: Unable to locate element: {"method":"css selector","selector":"*[name='user_name']"}
  (Session info: chrome=143.0.7499.170)
For documentation on this error, please visit: https://www.selenium.dev/documentation/webdriver/troubleshooting/errors#no-such-element-exception
Build info: version: '4.34.0', revision: '707dcb4246*'
System info: os.name: 'Windows 11', os.arch: 'amd64', os.version: '10.0', java.version: '21.0.9'
Driver info: org.openqa.selenium.chrome.ChromeDriver
Command: [218ebb7559376f16f67524e7ad0927ef, findElement {value=user_name, using=name}]
Capabilities {acceptInsecureCerts: false, browserName: chrome, browserVersion: 143.0.7499.170, chrome: {chromedriverVersion: 143.0.7499.169 (164b20aab62..., userDataDir: C:\WINDOWS\SystemTemp\scope...}, fedcm:accounts: true, goog:chromeOptions: {debuggerAddress: localhost:56999}, goog:processID: 10524, networkConnectionEnabled: false, pageLoadStrategy: normal, platformName: windows, proxy: Proxy(), se:cdp: ws://localhost:56999/devtoo..., se:cdpVersion: 143.0.7499.170, setWindowRect: true, strictFileInteractability: false, timeouts: {implicit: 0, pageLoad: 300000, script: 30000}, unhandledPromptBehavior: dismiss and notify, webauthn:extension:credBlob: true, webauthn:extension:largeBlob: true, webauthn:extension:minPinLength: true, webauthn:extension:prf: true, webauthn:virtualAuthenticators: true}
Session ID: 218ebb7559376f16f67524e7ad0927ef
at java.base/jdk.internal.reflect.DirectConstructorHandleAccessor.newInstance(DirectConstructorHandleAccessor.java:62)
at java.base/java.lang.reflect.Constructor.newInstanceWithCaller(Constructor.java:502)
at java.base/java.lang.reflect.Constructor.newInstance(Constructor.java:486)
at org.openqa.selenium.remote.ErrorCodec.decode(ErrorCodec.java:167)
at org.openqa.selenium.remote.codec.w3c.W3CHttpResponseCodec.decode(W3CHttpResponseCodec.java:138)
at org.openqa.selenium.remote.codec.w3c.W3CHttpResponseCodec.decode(W3CHttpResponseCodec.java:50)
at org.openqa.selenium.remote.HttpCommandExecutor.execute(HttpCommandExecutor.java:215)
at org.openqa.selenium.remote.service.DriverCommandExecutor.invokeExecute(DriverCommandExecutor.java:216)
at org.openqa.selenium.remote.service.DriverCommandExecutor.execute(DriverCommandExecutor.java:174)
at org.openqa.selenium.remote.RemoteWebDriver.execute(RemoteWebDriver.java:544)
at org.openqa.selenium.remote.ElementLocation$ElementFinder$2.findElement(ElementLocation.java:165)
at org.openqa.selenium.remote.ElementLocation.findElement(ElementLocation.java:59)
at org.openqa.selenium.remote.RemoteWebDriver.findElement(RemoteWebDriver.java:367)
at org.openqa.selenium.remote.RemoteWebDriver.findElement(RemoteWebDriver.java:361)
at org.openqa.selenium.support.pagefactory.DefaultElementLocator.findElement(DefaultElementLocator.java:68)
at org.openqa.selenium.support.pagefactory.internal.LocatingElementHandler.invoke(LocatingElementHandler.java:38)
at jdk.proxy2/jdk.proxy2.$Proxy17.sendKeys(Unknown Source)
at ObjectRepo.LoginPage.login(LoginPage.java:34)
at genericUtilities.BaseClass.loginToAppln(BaseClass.java:61)
at java.base/jdk.internal.reflect.DirectMethodHandleAccessor.invoke(DirectMethodHandleAccessor.java:103)
at java.base/java.lang.reflect.Method.invoke(Method.java:580)
at org.testng.internal.invokers.MethodInvocationHelper.invokeMethod(MethodInvocationHelper.java:141)
at org.testng.internal.invokers.MethodInvocationHelper.invokeMethodConsideringTimeout(MethodInvocationHelper.java:71)
at org.testng.internal.invokers.ConfigInvoker.invokeConfigurationMethod(ConfigInvoker.java:400)
at org.testng.internal.invokers.ConfigInvoker.invokeConfigurations(ConfigInvoker.java:333)
at org.testng.internal.invokers.TestInvoker.runConfigMethods(TestInvoker.java:833)
at org.testng.internal.invokers.TestInvoker.invokeMethod(TestInvoker.java:600)
at org.testng.internal.invokers.TestInvoker.invokeTestMethod(TestInvoker.java:230)
at org.testng.internal.invokers.MethodRunner.runInSequence(MethodRunner.java:63)
at org.testng.internal.invokers.TestInvoker$MethodInvocationAgent.invoke(TestInvoker.java:992)
at org.testng.internal.invokers.TestInvoker.invokeTestMethods(TestInvoker.java:203)
at org.testng.internal.invokers.TestMethodWorker.invokeTestMethods(TestMethodWorker.java:154)
at org.testng.internal.invokers.TestMethodWorker.run(TestMethodWorker.java:134)
at java.base/java.util.concurrent.Executors$RunnableAdapter.call(Executors.java:572)
at java.base/java.util.concurrent.FutureTask.run(FutureTask.java:317)
at org.testng.internal.thread.graph.TestNGFutureTask.run(TestNGFutureTask.java:22)
at java.base/java.util.concurrent.ThreadPoolExecutor.runWorker(ThreadPoolExecutor.java:1144)
at java.base/java.util.concurrent.ThreadPoolExecutor$Worker.run(ThreadPoolExecutor.java:642)
at java.base/java.lang.Thread.run(Thread.java:1583)
]]>
            </full-stacktrace>
          </exception> <!-- org.openqa.selenium.NoSuchElementException -->
          <reporter-output>
          </reporter-output>
        </test-method> <!-- loginToAppln -->
        <test-method signature="createOrganizationWithMandatoryFieldsTest()[pri:0, instance:organization.Organization@515aebb0]" started-at="2025-12-30T17:07:34 IST" name="createOrganizationWithMandatoryFieldsTest" finished-at="2025-12-30T17:07:34 IST" duration-ms="0" status="SKIP">
          <exception class="org.openqa.selenium.NoSuchElementException">
            <message>
              <![CDATA[no such element: Unable to locate element: {"method":"css selector","selector":"*[name='user_name']"}
  (Session info: chrome=143.0.7499.170)
For documentation on this error, please visit: https://www.selenium.dev/documentation/webdriver/troubleshooting/errors#no-such-element-exception
Build info: version: '4.34.0', revision: '707dcb4246*'
System info: os.name: 'Windows 11', os.arch: 'amd64', os.version: '10.0', java.version: '21.0.9'
Driver info: org.openqa.selenium.chrome.ChromeDriver
Command: [218ebb7559376f16f67524e7ad0927ef, findElement {value=user_name, using=name}]
Capabilities {acceptInsecureCerts: false, browserName: chrome, browserVersion: 143.0.7499.170, chrome: {chromedriverVersion: 143.0.7499.169 (164b20aab62..., userDataDir: C:\WINDOWS\SystemTemp\scope...}, fedcm:accounts: true, goog:chromeOptions: {debuggerAddress: localhost:56999}, goog:processID: 10524, networkConnectionEnabled: false, pageLoadStrategy: normal, platformName: windows, proxy: Proxy(), se:cdp: ws://localhost:56999/devtoo..., se:cdpVersion: 143.0.7499.170, setWindowRect: true, strictFileInteractability: false, timeouts: {implicit: 0, pageLoad: 300000, script: 30000}, unhandledPromptBehavior: dismiss and notify, webauthn:extension:credBlob: true, webauthn:extension:largeBlob: true, webauthn:extension:minPinLength: true, webauthn:extension:prf: true, webauthn:virtualAuthenticators: true}
Session ID: 218ebb7559376f16f67524e7ad0927ef]]>
            </message>
            <full-stacktrace>
              <![CDATA[org.openqa.selenium.NoSuchElementException: no such element: Unable to locate element: {"method":"css selector","selector":"*[name='user_name']"}
  (Session info: chrome=143.0.7499.170)
For documentation on this error, please visit: https://www.selenium.dev/documentation/webdriver/troubleshooting/errors#no-such-element-exception
Build info: version: '4.34.0', revision: '707dcb4246*'
System info: os.name: 'Windows 11', os.arch: 'amd64', os.version: '10.0', java.version: '21.0.9'
Driver info: org.openqa.selenium.chrome.ChromeDriver
Command: [218ebb7559376f16f67524e7ad0927ef, findElement {value=user_name, using=name}]
Capabilities {acceptInsecureCerts: false, browserName: chrome, browserVersion: 143.0.7499.170, chrome: {chromedriverVersion: 143.0.7499.169 (164b20aab62..., userDataDir: C:\WINDOWS\SystemTemp\scope...}, fedcm:accounts: true, goog:chromeOptions: {debuggerAddress: localhost:56999}, goog:processID: 10524, networkConnectionEnabled: false, pageLoadStrategy: normal, platformName: windows, proxy: Proxy(), se:cdp: ws://localhost:56999/devtoo..., se:cdpVersion: 143.0.7499.170, setWindowRect: true, strictFileInteractability: false, timeouts: {implicit: 0, pageLoad: 300000, script: 30000}, unhandledPromptBehavior: dismiss and notify, webauthn:extension:credBlob: true, webauthn:extension:largeBlob: true, webauthn:extension:minPinLength: true, webauthn:extension:prf: true, webauthn:virtualAuthenticators: true}
Session ID: 218ebb7559376f16f67524e7ad0927ef
at java.base/jdk.internal.reflect.DirectConstructorHandleAccessor.newInstance(DirectConstructorHandleAccessor.java:62)
at java.base/java.lang.reflect.Constructor.newInstanceWithCaller(Constructor.java:502)
at java.base/java.lang.reflect.Constructor.newInstance(Constructor.java:486)
at org.openqa.selenium.remote.ErrorCodec.decode(ErrorCodec.java:167)
at org.openqa.selenium.remote.codec.w3c.W3CHttpResponseCodec.decode(W3CHttpResponseCodec.java:138)
at org.openqa.selenium.remote.codec.w3c.W3CHttpResponseCodec.decode(W3CHttpResponseCodec.java:50)
at org.openqa.selenium.remote.HttpCommandExecutor.execute(HttpCommandExecutor.java:215)
at org.openqa.selenium.remote.service.DriverCommandExecutor.invokeExecute(DriverCommandExecutor.java:216)
at org.openqa.selenium.remote.service.DriverCommandExecutor.execute(DriverCommandExecutor.java:174)
at org.openqa.selenium.remote.RemoteWebDriver.execute(RemoteWebDriver.java:544)
at org.openqa.selenium.remote.ElementLocation$ElementFinder$2.findElement(ElementLocation.java:165)
at org.openqa.selenium.remote.ElementLocation.findElement(ElementLocation.java:59)
at org.openqa.selenium.remote.RemoteWebDriver.findElement(RemoteWebDriver.java:367)
at org.openqa.selenium.remote.RemoteWebDriver.findElement(RemoteWebDriver.java:361)
at org.openqa.selenium.support.pagefactory.DefaultElementLocator.findElement(DefaultElementLocator.java:68)
at org.openqa.selenium.support.pagefactory.internal.LocatingElementHandler.invoke(LocatingElementHandler.java:38)
at jdk.proxy2/jdk.proxy2.$Proxy17.sendKeys(Unknown Source)
at ObjectRepo.LoginPage.login(LoginPage.java:34)
at genericUtilities.BaseClass.loginToAppln(BaseClass.java:61)
at java.base/jdk.internal.reflect.DirectMethodHandleAccessor.invoke(DirectMethodHandleAccessor.java:103)
at java.base/java.lang.reflect.Method.invoke(Method.java:580)
at org.testng.internal.invokers.MethodInvocationHelper.invokeMethod(MethodInvocationHelper.java:141)
at org.testng.internal.invokers.MethodInvocationHelper.invokeMethodConsideringTimeout(MethodInvocationHelper.java:71)
at org.testng.internal.invokers.ConfigInvoker.invokeConfigurationMethod(ConfigInvoker.java:400)
at org.testng.internal.invokers.ConfigInvoker.invokeConfigurations(ConfigInvoker.java:333)
at org.testng.internal.invokers.TestInvoker.runConfigMethods(TestInvoker.java:833)
at org.testng.internal.invokers.TestInvoker.invokeMethod(TestInvoker.java:600)
at org.testng.internal.invokers.TestInvoker.invokeTestMethod(TestInvoker.java:230)
at org.testng.internal.invokers.MethodRunner.runInSequence(MethodRunner.java:63)
at org.testng.internal.invokers.TestInvoker$MethodInvocationAgent.invoke(TestInvoker.java:992)
at org.testng.internal.invokers.TestInvoker.invokeTestMethods(TestInvoker.java:203)
at org.testng.internal.invokers.TestMethodWorker.invokeTestMethods(TestMethodWorker.java:154)
at org.testng.internal.invokers.TestMethodWorker.run(TestMethodWorker.java:134)
at java.base/java.util.concurrent.Executors$RunnableAdapter.call(Executors.java:572)
at java.base/java.util.concurrent.FutureTask.run(FutureTask.java:317)
at org.testng.internal.thread.graph.TestNGFutureTask.run(TestNGFutureTask.java:22)
at java.base/java.util.concurrent.ThreadPoolExecutor.runWorker(ThreadPoolExecutor.java:1144)
at java.base/java.util.concurrent.ThreadPoolExecutor$Worker.run(ThreadPoolExecutor.java:642)
at java.base/java.lang.Thread.run(Thread.java:1583)
]]>
            </full-stacktrace>
          </exception> <!-- org.openqa.selenium.NoSuchElementException -->
          <reporter-output>
          </reporter-output>
        </test-method> <!-- createOrganizationWithMandatoryFieldsTest -->
        <test-method is-config="true" signature="logoutFromAppln()[pri:0, instance:organization.Organization@515aebb0]" started-at="2025-12-30T17:07:34 IST" name="logoutFromAppln" finished-at="2025-12-30T17:07:36 IST" duration-ms="1407" status="PASS">
          <reporter-output>
          </reporter-output>
        </test-method> <!-- logoutFromAppln -->
        <test-method is-config="true" signature="logout()[pri:0, instance:organization.Organization@515aebb0]" started-at="2025-12-30T17:07:36 IST" name="logout" finished-at="2025-12-30T17:07:36 IST" duration-ms="126" status="PASS">
          <reporter-output>
          </reporter-output>
        </test-method> <!-- logout -->
      </class> <!-- organization.Organization -->
      <class name="products.product">
        <test-method is-config="true" signature="launchBrowser()[pri:0, instance:products.product@5c5eefef]" started-at="2025-12-30T17:07:14 IST" name="launchBrowser" finished-at="2025-12-30T17:07:16 IST" duration-ms="2681" status="PASS">
          <reporter-output>
          </reporter-output>
        </test-method> <!-- launchBrowser -->
        <test-method is-config="true" signature="loginToAppln()[pri:0, instance:products.product@5c5eefef]" started-at="2025-12-30T17:07:16 IST" name="loginToAppln" finished-at="2025-12-30T17:07:18 IST" duration-ms="1936" status="PASS">
          <reporter-output>
          </reporter-output>
        </test-method> <!-- loginToAppln -->
        <test-method signature="addNewProductInformationTest()[pri:0, instance:products.product@5c5eefef]" started-at="2025-12-30T17:07:18 IST" name="addNewProductInformationTest" finished-at="2025-12-30T17:07:25 IST" duration-ms="6976" status="PASS">
          <reporter-output>
          </reporter-output>
        </test-method> <!-- addNewProductInformationTest -->
        <test-method is-config="true" signature="logoutFromAppln()[pri:0, instance:products.product@5c5eefef]" started-at="2025-12-30T17:07:25 IST" name="logoutFromAppln" finished-at="2025-12-30T17:07:26 IST" duration-ms="1162" status="PASS">
          <reporter-output>
          </reporter-output>
        </test-method> <!-- logoutFromAppln -->
        <test-method is-config="true" signature="loginToAppln()[pri:0, instance:products.product@5c5eefef]" started-at="2025-12-30T17:07:26 IST" name="loginToAppln" finished-at="2025-12-30T17:07:28 IST" duration-ms="1471" status="PASS">
          <reporter-output>
          </reporter-output>
        </test-method> <!-- loginToAppln -->
        <test-method signature="editProductsTest()[pri:0, instance:products.product@5c5eefef]" started-at="2025-12-30T17:07:28 IST" name="editProductsTest" finished-at="2025-12-30T17:07:34 IST" duration-ms="6139" status="PASS">
          <reporter-output>
          </reporter-output>
        </test-method> <!-- editProductsTest -->
        <test-method is-config="true" signature="logoutFromAppln()[pri:0, instance:products.product@5c5eefef]" started-at="2025-12-30T17:07:34 IST" name="logoutFromAppln" finished-at="2025-12-30T17:07:35 IST" duration-ms="1080" status="PASS">
          <reporter-output>
          </reporter-output>
        </test-method> <!-- logoutFromAppln -->
        <test-method is-config="true" signature="logout()[pri:0, instance:products.product@5c5eefef]" started-at="2025-12-30T17:07:35 IST" name="logout" finished-at="2025-12-30T17:07:35 IST" duration-ms="105" status="PASS">
          <reporter-output>
          </reporter-output>
        </test-method> <!-- logout -->
      </class> <!-- products.product -->
    </test> <!-- Test -->
    <test started-at="2025-12-30T17:07:36 IST" name="Test2" finished-at="2025-12-30T17:08:07 IST" duration-ms="31027">
      <class name="calender.Calender">
        <test-method is-config="true" signature="launchBrowser()[pri:0, instance:calender.Calender@5bf0d49]" started-at="2025-12-30T17:07:36 IST" name="launchBrowser" finished-at="2025-12-30T17:07:37 IST" duration-ms="1411" status="PASS">
          <reporter-output>
          </reporter-output>
        </test-method> <!-- launchBrowser -->
        <test-method is-config="true" signature="loginToAppln()[pri:0, instance:calender.Calender@5bf0d49]" started-at="2025-12-30T17:07:37 IST" name="loginToAppln" finished-at="2025-12-30T17:07:38 IST" duration-ms="135" status="PASS">
          <reporter-output>
          </reporter-output>
        </test-method> <!-- loginToAppln -->
        <test-method signature="addEventInTheCalender()[pri:0, instance:calender.Calender@5bf0d49]" started-at="2025-12-30T17:07:38 IST" name="addEventInTheCalender" finished-at="2025-12-30T17:07:46 IST" duration-ms="8379" status="PASS">
          <reporter-output>
          </reporter-output>
        </test-method> <!-- addEventInTheCalender -->
        <test-method is-config="true" signature="logoutFromAppln()[pri:0, instance:calender.Calender@5bf0d49]" started-at="2025-12-30T17:07:46 IST" name="logoutFromAppln" finished-at="2025-12-30T17:07:47 IST" duration-ms="1217" status="PASS">
          <reporter-output>
          </reporter-output>
        </test-method> <!-- logoutFromAppln -->
        <test-method is-config="true" signature="logout()[pri:0, instance:calender.Calender@5bf0d49]" started-at="2025-12-30T17:07:47 IST" name="logout" finished-at="2025-12-30T17:07:47 IST" duration-ms="125" status="PASS">
          <reporter-output>
          </reporter-output>
        </test-method> <!-- logout -->
      </class> <!-- calender.Calender -->
      <class name="contacts.Contact">
        <test-method is-config="true" signature="launchBrowser()[pri:0, instance:contacts.Contact@4afcd809]" started-at="2025-12-30T17:07:47 IST" name="launchBrowser" finished-at="2025-12-30T17:07:49 IST" duration-ms="1268" status="PASS">
          <reporter-output>
          </reporter-output>
        </test-method> <!-- launchBrowser -->
        <test-method is-config="true" signature="loginToAppln()[pri:0, instance:contacts.Contact@4afcd809]" started-at="2025-12-30T17:07:49 IST" name="loginToAppln" finished-at="2025-12-30T17:07:50 IST" duration-ms="1758" status="PASS">
          <reporter-output>
          </reporter-output>
        </test-method> <!-- loginToAppln -->
        <test-method signature="createContactWithOrganizationName()[pri:0, instance:contacts.Contact@4afcd809]" started-at="2025-12-30T17:07:50 IST" name="createContactWithOrganizationName" finished-at="2025-12-30T17:07:58 IST" duration-ms="7549" status="PASS">
          <reporter-output>
          </reporter-output>
        </test-method> <!-- createContactWithOrganizationName -->
        <test-method is-config="true" signature="logoutFromAppln()[pri:0, instance:contacts.Contact@4afcd809]" started-at="2025-12-30T17:07:58 IST" name="logoutFromAppln" finished-at="2025-12-30T17:07:59 IST" duration-ms="1063" status="PASS">
          <reporter-output>
          </reporter-output>
        </test-method> <!-- logoutFromAppln -->
        <test-method is-config="true" signature="loginToAppln()[pri:0, instance:contacts.Contact@4afcd809]" started-at="2025-12-30T17:07:59 IST" name="loginToAppln" finished-at="2025-12-30T17:07:59 IST" duration-ms="90" status="PASS">
          <reporter-output>
          </reporter-output>
        </test-method> <!-- loginToAppln -->
        <test-method signature="createContactsWithMandatoryFields()[pri:0, instance:contacts.Contact@4afcd809]" started-at="2025-12-30T17:07:59 IST" name="createContactsWithMandatoryFields" finished-at="2025-12-30T17:08:06 IST" duration-ms="6859" status="PASS">
          <reporter-output>
          </reporter-output>
        </test-method> <!-- createContactsWithMandatoryFields -->
        <test-method is-config="true" signature="logoutFromAppln()[pri:0, instance:contacts.Contact@4afcd809]" started-at="2025-12-30T17:08:06 IST" name="logoutFromAppln" finished-at="2025-12-30T17:08:07 IST" duration-ms="1044" status="PASS">
          <reporter-output>
          </reporter-output>
        </test-method> <!-- logoutFromAppln -->
        <test-method is-config="true" signature="logout()[pri:0, instance:contacts.Contact@4afcd809]" started-at="2025-12-30T17:08:07 IST" name="logout" finished-at="2025-12-30T17:08:07 IST" duration-ms="118" status="PASS">
          <reporter-output>
          </reporter-output>
        </test-method> <!-- logout -->
      </class> <!-- contacts.Contact -->
      <class name="opportunities.Opportunity">
        <test-method is-config="true" signature="connectToDB()[pri:0, instance:opportunities.Opportunity@62379589]" started-at="2025-12-30T17:07:13 IST" name="connectToDB" finished-at="2025-12-30T17:07:13 IST" duration-ms="262" status="PASS">
          <reporter-output>
          </reporter-output>
        </test-method> <!-- connectToDB -->
        <test-method is-config="true" signature="launchBrowser()[pri:0, instance:opportunities.Opportunity@62379589]" started-at="2025-12-30T17:07:36 IST" name="launchBrowser" finished-at="2025-12-30T17:07:37 IST" duration-ms="1331" status="PASS">
          <reporter-output>
          </reporter-output>
        </test-method> <!-- launchBrowser -->
        <test-method is-config="true" signature="loginToAppln()[pri:0, instance:opportunities.Opportunity@62379589]" started-at="2025-12-30T17:07:37 IST" name="loginToAppln" finished-at="2025-12-30T17:07:39 IST" duration-ms="1759" status="PASS">
          <reporter-output>
          </reporter-output>
        </test-method> <!-- loginToAppln -->
        <test-method signature="createOpportunitiesWithMandatoryFieldsTest()[pri:-1, instance:opportunities.Opportunity@62379589]" started-at="2025-12-30T17:07:39 IST" name="createOpportunitiesWithMandatoryFieldsTest" finished-at="2025-12-30T17:07:46 IST" duration-ms="6922" status="PASS">
          <reporter-output>
          </reporter-output>
        </test-method> <!-- createOpportunitiesWithMandatoryFieldsTest -->
        <test-method is-config="true" signature="logoutFromAppln()[pri:0, instance:opportunities.Opportunity@62379589]" started-at="2025-12-30T17:07:46 IST" name="logoutFromAppln" finished-at="2025-12-30T17:07:47 IST" duration-ms="1221" status="PASS">
          <reporter-output>
          </reporter-output>
        </test-method> <!-- logoutFromAppln -->
        <test-method is-config="true" signature="loginToAppln()[pri:0, instance:opportunities.Opportunity@62379589]" started-at="2025-12-30T17:07:47 IST" name="loginToAppln" finished-at="2025-12-30T17:07:47 IST" duration-ms="101" status="PASS">
          <reporter-output>
          </reporter-output>
        </test-method> <!-- loginToAppln -->
        <test-method signature="deleteOpportunitesTest()[pri:0, instance:opportunities.Opportunity@62379589]" started-at="2025-12-30T17:07:47 IST" name="deleteOpportunitesTest" finished-at="2025-12-30T17:07:54 IST" duration-ms="6255" status="PASS">
          <reporter-output>
          </reporter-output>
        </test-method> <!-- deleteOpportunitesTest -->
        <test-method is-config="true" signature="logoutFromAppln()[pri:0, instance:opportunities.Opportunity@62379589]" started-at="2025-12-30T17:07:54 IST" name="logoutFromAppln" finished-at="2025-12-30T17:07:55 IST" duration-ms="1210" status="PASS">
          <reporter-output>
          </reporter-output>
        </test-method> <!-- logoutFromAppln -->
        <test-method is-config="true" signature="logout()[pri:0, instance:opportunities.Opportunity@62379589]" started-at="2025-12-30T17:07:55 IST" name="logout" finished-at="2025-12-30T17:07:55 IST" duration-ms="147" status="PASS">
          <reporter-output>
          </reporter-output>
        </test-method> <!-- logout -->
        <test-method is-config="true" signature="disConnectToDB()[pri:0, instance:opportunities.Opportunity@62379589]" started-at="2025-12-30T17:08:07 IST" name="disConnectToDB" finished-at="2025-12-30T17:08:07 IST" duration-ms="4" status="PASS">
          <reporter-output>
          </reporter-output>
        </test-method> <!-- disConnectToDB -->
      </class> <!-- opportunities.Opportunity -->
    </test> <!-- Test2 -->
  </suite> <!-- Suite -->
</testng-results>
