<?xml version="1.0" encoding="UTF-8"?>
<testng-results ignored="0" total="9" passed="9" failed="0" skipped="0">
  <reporter-output>
  </reporter-output>
  <suite started-at="2025-12-30T15:28:04 IST" name="Suite" finished-at="2025-12-30T15:28:58 IST" duration-ms="54280">
    <groups>
      <group name="fumctional">
        <method signature="Organization.createOrganizationTypeWithIndustryTypeTest()[pri:0, instance:organization.Organization@515aebb0]" name="createOrganizationTypeWithIndustryTypeTest" class="organization.Organization"/>
      </group> <!-- fumctional -->
      <group name="regression">
        <method signature="Organization.createOrganizationTypeWithIndustryTypeTest()[pri:0, instance:organization.Organization@515aebb0]" name="createOrganizationTypeWithIndustryTypeTest" class="organization.Organization"/>
        <method signature="Organization.createOrganizationWithMandatoryFieldsTest()[pri:0, instance:organization.Organization@515aebb0]" name="createOrganizationWithMandatoryFieldsTest" class="organization.Organization"/>
        <method signature="product.addNewProductInformationTest()[pri:0, instance:products.product@5c5eefef]" name="addNewProductInformationTest" class="products.product"/>
        <method signature="product.editProductsTest()[pri:0, instance:products.product@5c5eefef]" name="editProductsTest" class="products.product"/>
        <method signature="Calender.addEventInTheCalender()[pri:0, instance:calender.Calender@5bf0d49]" name="addEventInTheCalender" class="calender.Calender"/>
        <method signature="Contact.createContactWithOrganizationName()[pri:0, instance:contacts.Contact@4afcd809]" name="createContactWithOrganizationName" class="contacts.Contact"/>
        <method signature="Contact.createContactsWithMandatoryFields()[pri:0, instance:contacts.Contact@4afcd809]" name="createContactsWithMandatoryFields" class="contacts.Contact"/>
        <method signature="Opportunity.deleteOpportunitesTest()[pri:0, instance:opportunities.Opportunity@62379589]" name="deleteOpportunitesTest" class="opportunities.Opportunity"/>
      </group> <!-- regression -->
      <group name="smoke">
        <method signature="Organization.createOrganizationTypeWithIndustryTypeTest()[pri:0, instance:organization.Organization@515aebb0]" name="createOrganizationTypeWithIndustryTypeTest" class="organization.Organization"/>
        <method signature="Opportunity.createOpportunitiesWithMandatoryFieldsTest()[pri:-1, instance:opportunities.Opportunity@62379589]" name="createOpportunitiesWithMandatoryFieldsTest" class="opportunities.Opportunity"/>
        <method signature="Contact.createContactsWithMandatoryFields()[pri:0, instance:contacts.Contact@4afcd809]" name="createContactsWithMandatoryFields" class="contacts.Contact"/>
        <method signature="Opportunity.deleteOpportunitesTest()[pri:0, instance:opportunities.Opportunity@62379589]" name="deleteOpportunitesTest" class="opportunities.Opportunity"/>
      </group> <!-- smoke -->
    </groups>
    <test started-at="2025-12-30T15:28:04 IST" name="Test" finished-at="2025-12-30T15:28:26 IST" duration-ms="22034">
      <class name="organization.Organization">
        <test-method is-config="true" signature="launchBrowser()[pri:0, instance:organization.Organization@515aebb0]" started-at="2025-12-30T15:28:04 IST" name="launchBrowser" finished-at="2025-12-30T15:28:06 IST" duration-ms="1839" status="PASS">
          <reporter-output>
          </reporter-output>
        </test-method> <!-- launchBrowser -->
        <test-method is-config="true" signature="loginToAppln()[pri:0, instance:organization.Organization@515aebb0]" started-at="2025-12-30T15:28:06 IST" name="loginToAppln" finished-at="2025-12-30T15:28:08 IST" duration-ms="1840" status="PASS">
          <reporter-output>
          </reporter-output>
        </test-method> <!-- loginToAppln -->
        <test-method signature="createOrganizationTypeWithIndustryTypeTest()[pri:0, instance:organization.Organization@515aebb0]" started-at="2025-12-30T15:28:08 IST" name="createOrganizationTypeWithIndustryTypeTest" finished-at="2025-12-30T15:28:15 IST" duration-ms="7218" status="PASS">
          <reporter-output>
          </reporter-output>
        </test-method> <!-- createOrganizationTypeWithIndustryTypeTest -->
        <test-method is-config="true" signature="logoutFromAppln()[pri:0, instance:organization.Organization@515aebb0]" started-at="2025-12-30T15:28:15 IST" name="logoutFromAppln" finished-at="2025-12-30T15:28:16 IST" duration-ms="1196" status="PASS">
          <reporter-output>
          </reporter-output>
        </test-method> <!-- logoutFromAppln -->
        <test-method is-config="true" signature="loginToAppln()[pri:0, instance:organization.Organization@515aebb0]" started-at="2025-12-30T15:28:16 IST" name="loginToAppln" finished-at="2025-12-30T15:28:18 IST" duration-ms="1710" status="PASS">
          <reporter-output>
          </reporter-output>
        </test-method> <!-- loginToAppln -->
        <test-method signature="createOrganizationWithMandatoryFieldsTest()[pri:0, instance:organization.Organization@515aebb0]" started-at="2025-12-30T15:28:18 IST" name="createOrganizationWithMandatoryFieldsTest" finished-at="2025-12-30T15:28:25 IST" duration-ms="6839" status="PASS">
          <reporter-output>
          </reporter-output>
        </test-method> <!-- createOrganizationWithMandatoryFieldsTest -->
        <test-method is-config="true" signature="logoutFromAppln()[pri:0, instance:organization.Organization@515aebb0]" started-at="2025-12-30T15:28:25 IST" name="logoutFromAppln" finished-at="2025-12-30T15:28:26 IST" duration-ms="1080" status="PASS">
          <reporter-output>
          </reporter-output>
        </test-method> <!-- logoutFromAppln -->
        <test-method is-config="true" signature="logout()[pri:0, instance:organization.Organization@515aebb0]" started-at="2025-12-30T15:28:26 IST" name="logout" finished-at="2025-12-30T15:28:26 IST" duration-ms="124" status="PASS">
          <reporter-output>
          </reporter-output>
        </test-method> <!-- logout -->
      </class> <!-- organization.Organization -->
      <class name="products.product">
        <test-method is-config="true" signature="launchBrowser()[pri:0, instance:products.product@5c5eefef]" started-at="2025-12-30T15:28:04 IST" name="launchBrowser" finished-at="2025-12-30T15:28:06 IST" duration-ms="1810" status="PASS">
          <reporter-output>
          </reporter-output>
        </test-method> <!-- launchBrowser -->
        <test-method is-config="true" signature="loginToAppln()[pri:0, instance:products.product@5c5eefef]" started-at="2025-12-30T15:28:06 IST" name="loginToAppln" finished-at="2025-12-30T15:28:08 IST" duration-ms="1665" status="PASS">
          <reporter-output>
          </reporter-output>
        </test-method> <!-- loginToAppln -->
        <test-method signature="addNewProductInformationTest()[pri:0, instance:products.product@5c5eefef]" started-at="2025-12-30T15:28:08 IST" name="addNewProductInformationTest" finished-at="2025-12-30T15:28:14 IST" duration-ms="6639" status="PASS">
          <reporter-output>
          </reporter-output>
        </test-method> <!-- addNewProductInformationTest -->
        <test-method is-config="true" signature="logoutFromAppln()[pri:0, instance:products.product@5c5eefef]" started-at="2025-12-30T15:28:14 IST" name="logoutFromAppln" finished-at="2025-12-30T15:28:15 IST" duration-ms="1090" status="PASS">
          <reporter-output>
          </reporter-output>
        </test-method> <!-- logoutFromAppln -->
        <test-method is-config="true" signature="loginToAppln()[pri:0, instance:products.product@5c5eefef]" started-at="2025-12-30T15:28:15 IST" name="loginToAppln" finished-at="2025-12-30T15:28:15 IST" duration-ms="101" status="PASS">
          <reporter-output>
          </reporter-output>
        </test-method> <!-- loginToAppln -->
        <test-method signature="editProductsTest()[pri:0, instance:products.product@5c5eefef]" started-at="2025-12-30T15:28:15 IST" name="editProductsTest" finished-at="2025-12-30T15:28:24 IST" duration-ms="8436" status="PASS">
          <reporter-output>
          </reporter-output>
        </test-method> <!-- editProductsTest -->
        <test-method is-config="true" signature="logoutFromAppln()[pri:0, instance:products.product@5c5eefef]" started-at="2025-12-30T15:28:24 IST" name="logoutFromAppln" finished-at="2025-12-30T15:28:25 IST" duration-ms="1084" status="PASS">
          <reporter-output>
          </reporter-output>
        </test-method> <!-- logoutFromAppln -->
        <test-method is-config="true" signature="logout()[pri:0, instance:products.product@5c5eefef]" started-at="2025-12-30T15:28:25 IST" name="logout" finished-at="2025-12-30T15:28:25 IST" duration-ms="120" status="PASS">
          <reporter-output>
          </reporter-output>
        </test-method> <!-- logout -->
      </class> <!-- products.product -->
    </test> <!-- Test -->
    <test started-at="2025-12-30T15:28:26 IST" name="Test2" finished-at="2025-12-30T15:28:58 IST" duration-ms="31949">
      <class name="calender.Calender">
        <test-method is-config="true" signature="launchBrowser()[pri:0, instance:calender.Calender@5bf0d49]" started-at="2025-12-30T15:28:26 IST" name="launchBrowser" finished-at="2025-12-30T15:28:28 IST" duration-ms="1349" status="PASS">
          <reporter-output>
          </reporter-output>
        </test-method> <!-- launchBrowser -->
        <test-method is-config="true" signature="loginToAppln()[pri:0, instance:calender.Calender@5bf0d49]" started-at="2025-12-30T15:28:28 IST" name="loginToAppln" finished-at="2025-12-30T15:28:28 IST" duration-ms="146" status="PASS">
          <reporter-output>
          </reporter-output>
        </test-method> <!-- loginToAppln -->
        <test-method signature="addEventInTheCalender()[pri:0, instance:calender.Calender@5bf0d49]" started-at="2025-12-30T15:28:28 IST" name="addEventInTheCalender" finished-at="2025-12-30T15:28:36 IST" duration-ms="8425" status="PASS">
          <reporter-output>
          </reporter-output>
        </test-method> <!-- addEventInTheCalender -->
        <test-method is-config="true" signature="logoutFromAppln()[pri:0, instance:calender.Calender@5bf0d49]" started-at="2025-12-30T15:28:36 IST" name="logoutFromAppln" finished-at="2025-12-30T15:28:37 IST" duration-ms="1116" status="PASS">
          <reporter-output>
          </reporter-output>
        </test-method> <!-- logoutFromAppln -->
        <test-method is-config="true" signature="logout()[pri:0, instance:calender.Calender@5bf0d49]" started-at="2025-12-30T15:28:37 IST" name="logout" finished-at="2025-12-30T15:28:37 IST" duration-ms="99" status="PASS">
          <reporter-output>
          </reporter-output>
        </test-method> <!-- logout -->
      </class> <!-- calender.Calender -->
      <class name="contacts.Contact">
        <test-method is-config="true" signature="launchBrowser()[pri:0, instance:contacts.Contact@4afcd809]" started-at="2025-12-30T15:28:37 IST" name="launchBrowser" finished-at="2025-12-30T15:28:39 IST" duration-ms="1376" status="PASS">
          <reporter-output>
          </reporter-output>
        </test-method> <!-- launchBrowser -->
        <test-method is-config="true" signature="loginToAppln()[pri:0, instance:contacts.Contact@4afcd809]" started-at="2025-12-30T15:28:39 IST" name="loginToAppln" finished-at="2025-12-30T15:28:41 IST" duration-ms="1834" status="PASS">
          <reporter-output>
          </reporter-output>
        </test-method> <!-- loginToAppln -->
        <test-method signature="createContactWithOrganizationName()[pri:0, instance:contacts.Contact@4afcd809]" started-at="2025-12-30T15:28:41 IST" name="createContactWithOrganizationName" finished-at="2025-12-30T15:28:48 IST" duration-ms="7587" status="PASS">
          <reporter-output>
          </reporter-output>
        </test-method> <!-- createContactWithOrganizationName -->
        <test-method is-config="true" signature="logoutFromAppln()[pri:0, instance:contacts.Contact@4afcd809]" started-at="2025-12-30T15:28:48 IST" name="logoutFromAppln" finished-at="2025-12-30T15:28:49 IST" duration-ms="1124" status="PASS">
          <reporter-output>
          </reporter-output>
        </test-method> <!-- logoutFromAppln -->
        <test-method is-config="true" signature="loginToAppln()[pri:0, instance:contacts.Contact@4afcd809]" started-at="2025-12-30T15:28:49 IST" name="loginToAppln" finished-at="2025-12-30T15:28:49 IST" duration-ms="95" status="PASS">
          <reporter-output>
          </reporter-output>
        </test-method> <!-- loginToAppln -->
        <test-method signature="createContactsWithMandatoryFields()[pri:0, instance:contacts.Contact@4afcd809]" started-at="2025-12-30T15:28:49 IST" name="createContactsWithMandatoryFields" finished-at="2025-12-30T15:28:57 IST" duration-ms="7566" status="PASS">
          <reporter-output>
          </reporter-output>
        </test-method> <!-- createContactsWithMandatoryFields -->
        <test-method is-config="true" signature="logoutFromAppln()[pri:0, instance:contacts.Contact@4afcd809]" started-at="2025-12-30T15:28:57 IST" name="logoutFromAppln" finished-at="2025-12-30T15:28:58 IST" duration-ms="1125" status="PASS">
          <reporter-output>
          </reporter-output>
        </test-method> <!-- logoutFromAppln -->
        <test-method is-config="true" signature="logout()[pri:0, instance:contacts.Contact@4afcd809]" started-at="2025-12-30T15:28:58 IST" name="logout" finished-at="2025-12-30T15:28:58 IST" duration-ms="99" status="PASS">
          <reporter-output>
          </reporter-output>
        </test-method> <!-- logout -->
      </class> <!-- contacts.Contact -->
      <class name="opportunities.Opportunity">
        <test-method is-config="true" signature="connectToDB()[pri:0, instance:opportunities.Opportunity@62379589]" started-at="2025-12-30T15:28:04 IST" name="connectToDB" finished-at="2025-12-30T15:28:04 IST" duration-ms="266" status="PASS">
          <reporter-output>
          </reporter-output>
        </test-method> <!-- connectToDB -->
        <test-method is-config="true" signature="launchBrowser()[pri:0, instance:opportunities.Opportunity@62379589]" started-at="2025-12-30T15:28:26 IST" name="launchBrowser" finished-at="2025-12-30T15:28:27 IST" duration-ms="1317" status="PASS">
          <reporter-output>
          </reporter-output>
        </test-method> <!-- launchBrowser -->
        <test-method is-config="true" signature="loginToAppln()[pri:0, instance:opportunities.Opportunity@62379589]" started-at="2025-12-30T15:28:27 IST" name="loginToAppln" finished-at="2025-12-30T15:28:29 IST" duration-ms="1724" status="PASS">
          <reporter-output>
          </reporter-output>
        </test-method> <!-- loginToAppln -->
        <test-method signature="createOpportunitiesWithMandatoryFieldsTest()[pri:-1, instance:opportunities.Opportunity@62379589]" started-at="2025-12-30T15:28:29 IST" name="createOpportunitiesWithMandatoryFieldsTest" finished-at="2025-12-30T15:28:36 IST" duration-ms="6868" status="PASS">
          <reporter-output>
          </reporter-output>
        </test-method> <!-- createOpportunitiesWithMandatoryFieldsTest -->
        <test-method is-config="true" signature="logoutFromAppln()[pri:0, instance:opportunities.Opportunity@62379589]" started-at="2025-12-30T15:28:36 IST" name="logoutFromAppln" finished-at="2025-12-30T15:28:37 IST" duration-ms="1219" status="PASS">
          <reporter-output>
          </reporter-output>
        </test-method> <!-- logoutFromAppln -->
        <test-method is-config="true" signature="loginToAppln()[pri:0, instance:opportunities.Opportunity@62379589]" started-at="2025-12-30T15:28:37 IST" name="loginToAppln" finished-at="2025-12-30T15:28:37 IST" duration-ms="112" status="PASS">
          <reporter-output>
          </reporter-output>
        </test-method> <!-- loginToAppln -->
        <test-method signature="deleteOpportunitesTest()[pri:0, instance:opportunities.Opportunity@62379589]" started-at="2025-12-30T15:28:37 IST" name="deleteOpportunitesTest" finished-at="2025-12-30T15:28:44 IST" duration-ms="6145" status="PASS">
          <reporter-output>
          </reporter-output>
        </test-method> <!-- deleteOpportunitesTest -->
        <test-method is-config="true" signature="logoutFromAppln()[pri:0, instance:opportunities.Opportunity@62379589]" started-at="2025-12-30T15:28:44 IST" name="logoutFromAppln" finished-at="2025-12-30T15:28:45 IST" duration-ms="1223" status="PASS">
          <reporter-output>
          </reporter-output>
        </test-method> <!-- logoutFromAppln -->
        <test-method is-config="true" signature="logout()[pri:0, instance:opportunities.Opportunity@62379589]" started-at="2025-12-30T15:28:45 IST" name="logout" finished-at="2025-12-30T15:28:45 IST" duration-ms="124" status="PASS">
          <reporter-output>
          </reporter-output>
        </test-method> <!-- logout -->
        <test-method is-config="true" signature="disConnectToDB()[pri:0, instance:opportunities.Opportunity@62379589]" started-at="2025-12-30T15:28:58 IST" name="disConnectToDB" finished-at="2025-12-30T15:28:58 IST" duration-ms="5" status="PASS">
          <reporter-output>
          </reporter-output>
        </test-method> <!-- disConnectToDB -->
      </class> <!-- opportunities.Opportunity -->
    </test> <!-- Test2 -->
  </suite> <!-- Suite -->
</testng-results>
