<?xml version="1.0" encoding="UTF-8"?>
<testng-results ignored="0" total="9" passed="8" failed="1" skipped="0">
  <reporter-output>
  </reporter-output>
  <suite started-at="2025-12-31T10:05:11 IST" name="Suite" finished-at="2025-12-31T10:06:20 IST" duration-ms="68512">
    <groups>
      <group name="fumctional">
        <method signature="Organization.createOrganizationTypeWithIndustryTypeTest()[pri:0, instance:organization.Organization@515aebb0]" name="createOrganizationTypeWithIndustryTypeTest" class="organization.Organization"/>
      </group> <!-- fumctional -->
      <group name="regression">
        <method signature="Organization.createOrganizationTypeWithIndustryTypeTest()[pri:0, instance:organization.Organization@515aebb0]" name="createOrganizationTypeWithIndustryTypeTest" class="organization.Organization"/>
        <method signature="Organization.createOrganizationWithMandatoryFieldsTest()[pri:0, instance:organization.Organization@515aebb0]" name="createOrganizationWithMandatoryFieldsTest" class="organization.Organization"/>
        <method signature="product.addNewProductInformationTest()[pri:0, instance:products.product@5c5eefef]" name="addNewProductInformationTest" class="products.product"/>
        <method signature="product.editProductsTest()[pri:0, instance:products.product@5c5eefef]" name="editProductsTest" class="products.product"/>
        <method signature="Calender.addEventInTheCalender()[pri:0, instance:calender.Calender@5bf0d49]" name="addEventInTheCalender" class="calender.Calender"/>
        <method signature="Contact.createContactWithOrganizationName()[pri:0, instance:contacts.Contact@4afcd809]" name="createContactWithOrganizationName" class="contacts.Contact"/>
        <method signature="Contact.createContactsWithMandatoryFields()[pri:0, instance:contacts.Contact@4afcd809]" name="createContactsWithMandatoryFields" class="contacts.Contact"/>
        <method signature="Opportunity.deleteOpportunitesTest()[pri:0, instance:opportunities.Opportunity@62379589]" name="deleteOpportunitesTest" class="opportunities.Opportunity"/>
      </group> <!-- regression -->
      <group name="smoke">
        <method signature="Organization.createOrganizationTypeWithIndustryTypeTest()[pri:0, instance:organization.Organization@515aebb0]" name="createOrganizationTypeWithIndustryTypeTest" class="organization.Organization"/>
        <method signature="Opportunity.createOpportunitiesWithMandatoryFieldsTest()[pri:-1, instance:opportunities.Opportunity@62379589]" name="createOpportunitiesWithMandatoryFieldsTest" class="opportunities.Opportunity"/>
        <method signature="Contact.createContactsWithMandatoryFields()[pri:0, instance:contacts.Contact@4afcd809]" name="createContactsWithMandatoryFields" class="contacts.Contact"/>
        <method signature="Opportunity.deleteOpportunitesTest()[pri:0, instance:opportunities.Opportunity@62379589]" name="deleteOpportunitesTest" class="opportunities.Opportunity"/>
      </group> <!-- smoke -->
    </groups>
    <test started-at="2025-12-31T10:05:11 IST" name="Test" finished-at="2025-12-31T10:05:38 IST" duration-ms="26791">
      <class name="organization.Organization">
        <test-method is-config="true" signature="launchBrowser()[pri:0, instance:organization.Organization@515aebb0]" started-at="2025-12-31T10:05:12 IST" name="launchBrowser" finished-at="2025-12-31T10:05:14 IST" duration-ms="2096" status="PASS">
          <reporter-output>
          </reporter-output>
        </test-method> <!-- launchBrowser -->
        <test-method is-config="true" signature="loginToAppln()[pri:0, instance:organization.Organization@515aebb0]" started-at="2025-12-31T10:05:14 IST" name="loginToAppln" finished-at="2025-12-31T10:05:16 IST" duration-ms="2306" status="PASS">
          <reporter-output>
          </reporter-output>
        </test-method> <!-- loginToAppln -->
        <test-method signature="createOrganizationTypeWithIndustryTypeTest()[pri:0, instance:organization.Organization@515aebb0]" started-at="2025-12-31T10:05:16 IST" name="createOrganizationTypeWithIndustryTypeTest" finished-at="2025-12-31T10:05:26 IST" duration-ms="9810" status="PASS">
          <reporter-output>
          </reporter-output>
        </test-method> <!-- createOrganizationTypeWithIndustryTypeTest -->
        <test-method is-config="true" signature="logoutFromAppln()[pri:0, instance:organization.Organization@515aebb0]" started-at="2025-12-31T10:05:26 IST" name="logoutFromAppln" finished-at="2025-12-31T10:05:27 IST" duration-ms="1422" status="PASS">
          <reporter-output>
          </reporter-output>
        </test-method> <!-- logoutFromAppln -->
        <test-method is-config="true" signature="loginToAppln()[pri:0, instance:organization.Organization@515aebb0]" started-at="2025-12-31T10:05:27 IST" name="loginToAppln" finished-at="2025-12-31T10:05:29 IST" duration-ms="2076" status="PASS">
          <reporter-output>
          </reporter-output>
        </test-method> <!-- loginToAppln -->
        <test-method signature="createOrganizationWithMandatoryFieldsTest()[pri:0, instance:organization.Organization@515aebb0]" started-at="2025-12-31T10:05:29 IST" name="createOrganizationWithMandatoryFieldsTest" finished-at="2025-12-31T10:05:37 IST" duration-ms="7478" status="PASS">
          <reporter-output>
          </reporter-output>
        </test-method> <!-- createOrganizationWithMandatoryFieldsTest -->
        <test-method is-config="true" signature="logoutFromAppln()[pri:0, instance:organization.Organization@515aebb0]" started-at="2025-12-31T10:05:37 IST" name="logoutFromAppln" finished-at="2025-12-31T10:05:38 IST" duration-ms="1250" status="PASS">
          <reporter-output>
          </reporter-output>
        </test-method> <!-- logoutFromAppln -->
        <test-method is-config="true" signature="logout()[pri:0, instance:organization.Organization@515aebb0]" started-at="2025-12-31T10:05:38 IST" name="logout" finished-at="2025-12-31T10:05:38 IST" duration-ms="110" status="PASS">
          <reporter-output>
          </reporter-output>
        </test-method> <!-- logout -->
      </class> <!-- organization.Organization -->
      <class name="products.product">
        <test-method is-config="true" signature="launchBrowser()[pri:0, instance:products.product@5c5eefef]" started-at="2025-12-31T10:05:12 IST" name="launchBrowser" finished-at="2025-12-31T10:05:14 IST" duration-ms="2123" status="PASS">
          <reporter-output>
          </reporter-output>
        </test-method> <!-- launchBrowser -->
        <test-method is-config="true" signature="loginToAppln()[pri:0, instance:products.product@5c5eefef]" started-at="2025-12-31T10:05:14 IST" name="loginToAppln" finished-at="2025-12-31T10:05:16 IST" duration-ms="2493" status="PASS">
          <reporter-output>
          </reporter-output>
        </test-method> <!-- loginToAppln -->
        <test-method signature="addNewProductInformationTest()[pri:0, instance:products.product@5c5eefef]" started-at="2025-12-31T10:05:16 IST" name="addNewProductInformationTest" finished-at="2025-12-31T10:05:25 IST" duration-ms="8897" status="PASS">
          <reporter-output>
          </reporter-output>
        </test-method> <!-- addNewProductInformationTest -->
        <test-method is-config="true" signature="logoutFromAppln()[pri:0, instance:products.product@5c5eefef]" started-at="2025-12-31T10:05:25 IST" name="logoutFromAppln" finished-at="2025-12-31T10:05:27 IST" duration-ms="1375" status="PASS">
          <reporter-output>
          </reporter-output>
        </test-method> <!-- logoutFromAppln -->
        <test-method is-config="true" signature="loginToAppln()[pri:0, instance:products.product@5c5eefef]" started-at="2025-12-31T10:05:27 IST" name="loginToAppln" finished-at="2025-12-31T10:05:28 IST" duration-ms="1901" status="PASS">
          <reporter-output>
          </reporter-output>
        </test-method> <!-- loginToAppln -->
        <test-method signature="editProductsTest()[pri:0, instance:products.product@5c5eefef]" started-at="2025-12-31T10:05:28 IST" name="editProductsTest" finished-at="2025-12-31T10:05:36 IST" duration-ms="7959" status="PASS">
          <reporter-output>
          </reporter-output>
        </test-method> <!-- editProductsTest -->
        <test-method is-config="true" signature="logoutFromAppln()[pri:0, instance:products.product@5c5eefef]" started-at="2025-12-31T10:05:36 IST" name="logoutFromAppln" finished-at="2025-12-31T10:05:38 IST" duration-ms="1260" status="PASS">
          <reporter-output>
          </reporter-output>
        </test-method> <!-- logoutFromAppln -->
        <test-method is-config="true" signature="logout()[pri:0, instance:products.product@5c5eefef]" started-at="2025-12-31T10:05:38 IST" name="logout" finished-at="2025-12-31T10:05:38 IST" duration-ms="118" status="PASS">
          <reporter-output>
          </reporter-output>
        </test-method> <!-- logout -->
      </class> <!-- products.product -->
    </test> <!-- Test -->
    <test started-at="2025-12-31T10:05:39 IST" name="Test2" finished-at="2025-12-31T10:06:20 IST" duration-ms="41410">
      <class name="calender.Calender">
        <test-method is-config="true" signature="launchBrowser()[pri:0, instance:calender.Calender@5bf0d49]" started-at="2025-12-31T10:05:39 IST" name="launchBrowser" finished-at="2025-12-31T10:05:40 IST" duration-ms="1374" status="PASS">
          <reporter-output>
          </reporter-output>
        </test-method> <!-- launchBrowser -->
        <test-method is-config="true" signature="loginToAppln()[pri:0, instance:calender.Calender@5bf0d49]" started-at="2025-12-31T10:05:40 IST" name="loginToAppln" finished-at="2025-12-31T10:05:40 IST" duration-ms="180" status="PASS">
          <reporter-output>
          </reporter-output>
        </test-method> <!-- loginToAppln -->
        <test-method signature="addEventInTheCalender()[pri:0, instance:calender.Calender@5bf0d49]" started-at="2025-12-31T10:05:40 IST" name="addEventInTheCalender" finished-at="2025-12-31T10:05:49 IST" duration-ms="8463" status="PASS">
          <reporter-output>
          </reporter-output>
        </test-method> <!-- addEventInTheCalender -->
        <test-method is-config="true" signature="logoutFromAppln()[pri:0, instance:calender.Calender@5bf0d49]" started-at="2025-12-31T10:05:49 IST" name="logoutFromAppln" finished-at="2025-12-31T10:05:53 IST" duration-ms="4047" status="PASS">
          <reporter-output>
          </reporter-output>
        </test-method> <!-- logoutFromAppln -->
        <test-method is-config="true" signature="logout()[pri:0, instance:calender.Calender@5bf0d49]" started-at="2025-12-31T10:05:53 IST" name="logout" finished-at="2025-12-31T10:05:53 IST" duration-ms="121" status="PASS">
          <reporter-output>
          </reporter-output>
        </test-method> <!-- logout -->
      </class> <!-- calender.Calender -->
      <class name="contacts.Contact">
        <test-method is-config="true" signature="launchBrowser()[pri:0, instance:contacts.Contact@4afcd809]" started-at="2025-12-31T10:05:53 IST" name="launchBrowser" finished-at="2025-12-31T10:05:55 IST" duration-ms="1825" status="PASS">
          <reporter-output>
          </reporter-output>
        </test-method> <!-- launchBrowser -->
        <test-method is-config="true" signature="loginToAppln()[pri:0, instance:contacts.Contact@4afcd809]" started-at="2025-12-31T10:05:55 IST" name="loginToAppln" finished-at="2025-12-31T10:05:57 IST" duration-ms="2505" status="PASS">
          <reporter-output>
          </reporter-output>
        </test-method> <!-- loginToAppln -->
        <test-method signature="createContactWithOrganizationName()[pri:0, instance:contacts.Contact@4afcd809]" started-at="2025-12-31T10:05:57 IST" name="createContactWithOrganizationName" finished-at="2025-12-31T10:06:08 IST" duration-ms="10462" status="PASS">
          <reporter-output>
          </reporter-output>
        </test-method> <!-- createContactWithOrganizationName -->
        <test-method is-config="true" signature="logoutFromAppln()[pri:0, instance:contacts.Contact@4afcd809]" started-at="2025-12-31T10:06:08 IST" name="logoutFromAppln" finished-at="2025-12-31T10:06:09 IST" duration-ms="1492" status="PASS">
          <reporter-output>
          </reporter-output>
        </test-method> <!-- logoutFromAppln -->
        <test-method is-config="true" signature="loginToAppln()[pri:0, instance:contacts.Contact@4afcd809]" started-at="2025-12-31T10:06:09 IST" name="loginToAppln" finished-at="2025-12-31T10:06:09 IST" duration-ms="125" status="PASS">
          <reporter-output>
          </reporter-output>
        </test-method> <!-- loginToAppln -->
        <test-method signature="createContactsWithMandatoryFields()[pri:0, instance:contacts.Contact@4afcd809]" started-at="2025-12-31T10:06:09 IST" name="createContactsWithMandatoryFields" finished-at="2025-12-31T10:06:19 IST" duration-ms="9386" status="PASS">
          <reporter-output>
          </reporter-output>
        </test-method> <!-- createContactsWithMandatoryFields -->
        <test-method is-config="true" signature="logoutFromAppln()[pri:0, instance:contacts.Contact@4afcd809]" started-at="2025-12-31T10:06:19 IST" name="logoutFromAppln" finished-at="2025-12-31T10:06:20 IST" duration-ms="1257" status="PASS">
          <reporter-output>
          </reporter-output>
        </test-method> <!-- logoutFromAppln -->
        <test-method is-config="true" signature="logout()[pri:0, instance:contacts.Contact@4afcd809]" started-at="2025-12-31T10:06:20 IST" name="logout" finished-at="2025-12-31T10:06:20 IST" duration-ms="162" status="PASS">
          <reporter-output>
          </reporter-output>
        </test-method> <!-- logout -->
      </class> <!-- contacts.Contact -->
      <class name="opportunities.Opportunity">
        <test-method is-config="true" signature="connectToDB()[pri:0, instance:opportunities.Opportunity@62379589]" started-at="2025-12-31T10:05:11 IST" name="connectToDB" finished-at="2025-12-31T10:05:11 IST" duration-ms="321" status="PASS">
          <reporter-output>
          </reporter-output>
        </test-method> <!-- connectToDB -->
        <test-method is-config="true" signature="launchBrowser()[pri:0, instance:opportunities.Opportunity@62379589]" started-at="2025-12-31T10:05:39 IST" name="launchBrowser" finished-at="2025-12-31T10:05:40 IST" duration-ms="1434" status="PASS">
          <reporter-output>
          </reporter-output>
        </test-method> <!-- launchBrowser -->
        <test-method is-config="true" signature="loginToAppln()[pri:0, instance:opportunities.Opportunity@62379589]" started-at="2025-12-31T10:05:40 IST" name="loginToAppln" finished-at="2025-12-31T10:05:42 IST" duration-ms="2016" status="PASS">
          <reporter-output>
          </reporter-output>
        </test-method> <!-- loginToAppln -->
        <test-method signature="createOpportunitiesWithMandatoryFieldsTest()[pri:-1, instance:opportunities.Opportunity@62379589]" started-at="2025-12-31T10:05:42 IST" name="createOpportunitiesWithMandatoryFieldsTest" finished-at="2025-12-31T10:05:50 IST" duration-ms="8316" status="PASS">
          <reporter-output>
          </reporter-output>
        </test-method> <!-- createOpportunitiesWithMandatoryFieldsTest -->
        <test-method is-config="true" signature="logoutFromAppln()[pri:0, instance:opportunities.Opportunity@62379589]" started-at="2025-12-31T10:05:50 IST" name="logoutFromAppln" finished-at="2025-12-31T10:05:52 IST" duration-ms="1479" status="PASS">
          <reporter-output>
          </reporter-output>
        </test-method> <!-- logoutFromAppln -->
        <test-method is-config="true" signature="loginToAppln()[pri:0, instance:opportunities.Opportunity@62379589]" started-at="2025-12-31T10:05:52 IST" name="loginToAppln" finished-at="2025-12-31T10:05:54 IST" duration-ms="2297" status="PASS">
          <reporter-output>
          </reporter-output>
        </test-method> <!-- loginToAppln -->
        <test-method signature="deleteOpportunitesTest()[pri:0, instance:opportunities.Opportunity@62379589]" started-at="2025-12-31T10:05:54 IST" name="deleteOpportunitesTest" finished-at="2025-12-31T10:06:07 IST" duration-ms="13116" status="FAIL">
          <exception class="org.openqa.selenium.NoSuchElementException">
            <message>
              <![CDATA[no such element: Unable to locate element: {"method":"xpath","selector":"//span[@class='genHeaderSmall']"}
  (Session info: chrome=143.0.7499.170)
For documentation on this error, please visit: https://www.selenium.dev/documentation/webdriver/troubleshooting/errors#no-such-element-exception
Build info: version: '4.34.0', revision: '707dcb4246*'
System info: os.name: 'Windows 11', os.arch: 'amd64', os.version: '10.0', java.version: '21.0.9'
Driver info: org.openqa.selenium.chrome.ChromeDriver
Command: [e8dda752895832edb5f17d1a4b40cbfc, findElement {value=//span[@class='genHeaderSmall'], using=xpath}]
Capabilities {acceptInsecureCerts: false, browserName: chrome, browserVersion: 143.0.7499.170, chrome: {chromedriverVersion: 143.0.7499.169 (164b20aab62..., userDataDir: C:\WINDOWS\SystemTemp\scope...}, fedcm:accounts: true, goog:chromeOptions: {debuggerAddress: localhost:50401}, goog:processID: 22056, networkConnectionEnabled: false, pageLoadStrategy: normal, platformName: windows, proxy: Proxy(), se:cdp: ws://localhost:50401/devtoo..., se:cdpVersion: 143.0.7499.170, setWindowRect: true, strictFileInteractability: false, timeouts: {implicit: 0, pageLoad: 300000, script: 30000}, unhandledPromptBehavior: dismiss and notify, webauthn:extension:credBlob: true, webauthn:extension:largeBlob: true, webauthn:extension:minPinLength: true, webauthn:extension:prf: true, webauthn:virtualAuthenticators: true}
Session ID: e8dda752895832edb5f17d1a4b40cbfc]]>
            </message>
            <full-stacktrace>
              <![CDATA[org.openqa.selenium.NoSuchElementException: no such element: Unable to locate element: {"method":"xpath","selector":"//span[@class='genHeaderSmall']"}
  (Session info: chrome=143.0.7499.170)
For documentation on this error, please visit: https://www.selenium.dev/documentation/webdriver/troubleshooting/errors#no-such-element-exception
Build info: version: '4.34.0', revision: '707dcb4246*'
System info: os.name: 'Windows 11', os.arch: 'amd64', os.version: '10.0', java.version: '21.0.9'
Driver info: org.openqa.selenium.chrome.ChromeDriver
Command: [e8dda752895832edb5f17d1a4b40cbfc, findElement {value=//span[@class='genHeaderSmall'], using=xpath}]
Capabilities {acceptInsecureCerts: false, browserName: chrome, browserVersion: 143.0.7499.170, chrome: {chromedriverVersion: 143.0.7499.169 (164b20aab62..., userDataDir: C:\WINDOWS\SystemTemp\scope...}, fedcm:accounts: true, goog:chromeOptions: {debuggerAddress: localhost:50401}, goog:processID: 22056, networkConnectionEnabled: false, pageLoadStrategy: normal, platformName: windows, proxy: Proxy(), se:cdp: ws://localhost:50401/devtoo..., se:cdpVersion: 143.0.7499.170, setWindowRect: true, strictFileInteractability: false, timeouts: {implicit: 0, pageLoad: 300000, script: 30000}, unhandledPromptBehavior: dismiss and notify, webauthn:extension:credBlob: true, webauthn:extension:largeBlob: true, webauthn:extension:minPinLength: true, webauthn:extension:prf: true, webauthn:virtualAuthenticators: true}
Session ID: e8dda752895832edb5f17d1a4b40cbfc
at java.base/jdk.internal.reflect.DirectConstructorHandleAccessor.newInstance(DirectConstructorHandleAccessor.java:62)
at java.base/java.lang.reflect.Constructor.newInstanceWithCaller(Constructor.java:502)
at java.base/java.lang.reflect.Constructor.newInstance(Constructor.java:486)
at org.openqa.selenium.remote.ErrorCodec.decode(ErrorCodec.java:167)
at org.openqa.selenium.remote.codec.w3c.W3CHttpResponseCodec.decode(W3CHttpResponseCodec.java:138)
at org.openqa.selenium.remote.codec.w3c.W3CHttpResponseCodec.decode(W3CHttpResponseCodec.java:50)
at org.openqa.selenium.remote.HttpCommandExecutor.execute(HttpCommandExecutor.java:215)
at org.openqa.selenium.remote.service.DriverCommandExecutor.invokeExecute(DriverCommandExecutor.java:216)
at org.openqa.selenium.remote.service.DriverCommandExecutor.execute(DriverCommandExecutor.java:174)
at org.openqa.selenium.remote.RemoteWebDriver.execute(RemoteWebDriver.java:544)
at org.openqa.selenium.remote.ElementLocation$ElementFinder$2.findElement(ElementLocation.java:165)
at org.openqa.selenium.remote.ElementLocation.findElement(ElementLocation.java:59)
at org.openqa.selenium.remote.RemoteWebDriver.findElement(RemoteWebDriver.java:367)
at org.openqa.selenium.remote.RemoteWebDriver.findElement(RemoteWebDriver.java:361)
at opportunities.Opportunity.deleteOpportunitesTest(Opportunity.java:52)
at java.base/jdk.internal.reflect.DirectMethodHandleAccessor.invoke(DirectMethodHandleAccessor.java:103)
at java.base/java.lang.reflect.Method.invoke(Method.java:580)
at org.testng.internal.invokers.MethodInvocationHelper.invokeMethod(MethodInvocationHelper.java:141)
at org.testng.internal.invokers.TestInvoker.invokeMethod(TestInvoker.java:686)
at org.testng.internal.invokers.TestInvoker.invokeTestMethod(TestInvoker.java:230)
at org.testng.internal.invokers.MethodRunner.runInSequence(MethodRunner.java:63)
at org.testng.internal.invokers.TestInvoker$MethodInvocationAgent.invoke(TestInvoker.java:992)
at org.testng.internal.invokers.TestInvoker.invokeTestMethods(TestInvoker.java:203)
at org.testng.internal.invokers.TestMethodWorker.invokeTestMethods(TestMethodWorker.java:154)
at org.testng.internal.invokers.TestMethodWorker.run(TestMethodWorker.java:134)
at java.base/java.util.concurrent.Executors$RunnableAdapter.call(Executors.java:572)
at java.base/java.util.concurrent.FutureTask.run(FutureTask.java:317)
at org.testng.internal.thread.graph.TestNGFutureTask.run(TestNGFutureTask.java:22)
at java.base/java.util.concurrent.ThreadPoolExecutor.runWorker(ThreadPoolExecutor.java:1144)
at java.base/java.util.concurrent.ThreadPoolExecutor$Worker.run(ThreadPoolExecutor.java:642)
at java.base/java.lang.Thread.run(Thread.java:1583)
]]>
            </full-stacktrace>
          </exception> <!-- org.openqa.selenium.NoSuchElementException -->
          <reporter-output>
          </reporter-output>
        </test-method> <!-- deleteOpportunitesTest -->
        <test-method is-config="true" signature="logoutFromAppln()[pri:0, instance:opportunities.Opportunity@62379589]" started-at="2025-12-31T10:06:08 IST" name="logoutFromAppln" finished-at="2025-12-31T10:06:09 IST" duration-ms="1327" status="PASS">
          <reporter-output>
          </reporter-output>
        </test-method> <!-- logoutFromAppln -->
        <test-method is-config="true" signature="logout()[pri:0, instance:opportunities.Opportunity@62379589]" started-at="2025-12-31T10:06:09 IST" name="logout" finished-at="2025-12-31T10:06:09 IST" duration-ms="162" status="PASS">
          <reporter-output>
          </reporter-output>
        </test-method> <!-- logout -->
        <test-method is-config="true" signature="disConnectToDB()[pri:0, instance:opportunities.Opportunity@62379589]" started-at="2025-12-31T10:06:20 IST" name="disConnectToDB" finished-at="2025-12-31T10:06:20 IST" duration-ms="6" status="PASS">
          <reporter-output>
          </reporter-output>
        </test-method> <!-- disConnectToDB -->
      </class> <!-- opportunities.Opportunity -->
    </test> <!-- Test2 -->
  </suite> <!-- Suite -->
</testng-results>
