<?xml version="1.0" encoding="UTF-8"?>
<testng-results ignored="0" total="1" passed="1" failed="0" skipped="0">
  <reporter-output>
  </reporter-output>
  <suite started-at="2025-12-23T21:44:36 IST" name="Default suite" finished-at="2025-12-23T21:44:36 IST" duration-ms="117">
    <groups>
    </groups>
    <test started-at="2025-12-23T21:44:36 IST" name="Default test" finished-at="2025-12-23T21:44:36 IST" duration-ms="117">
      <class name="testNG_Practice.P1">
        <test-method signature="m1()[pri:0, instance:testNG_Practice.P1@576d5deb]" started-at="2025-12-23T21:44:36 IST" name="m1" finished-at="2025-12-23T21:44:36 IST" duration-ms="46" status="PASS">
          <reporter-output>
          </reporter-output>
        </test-method> <!-- m1 -->
      </class> <!-- testNG_Practice.P1 -->
    </test> <!-- Default test -->
  </suite> <!-- Default suite -->
</testng-results>
