<?xml version="1.0" encoding="UTF-8"?>
<!-- Generated by org.testng.reporters.JUnitReportReporter -->
<testsuite hostname="NandanV" failures="0" tests="2" name="opportunities.Opportunity" time="17.957" errors="0" timestamp="2025-12-19T18:08:44 IST" skipped="0">
  <testcase classname="opportunities.Opportunity" name="createOpportunitiesWithMandatoryFieldsTest" time="10.310"/>
  <testcase classname="opportunities.Opportunity" name="deleteOpportunitesTest" time="7.647"/>
</testsuite> <!-- opportunities.Opportunity -->
