<?xml version="1.0" encoding="UTF-8"?>
<!-- Generated by org.testng.reporters.JUnitReportReporter -->
<testsuite hostname="NandanV" failures="0" tests="4" name="testNG_Practice.DataProviderTest" time="6.527" errors="0" timestamp="2025-12-16T12:35:48 IST" skipped="0">
  <testcase classname="testNG_Practice.DataProviderTest" name="getData" time="1.938"/>
  <testcase classname="testNG_Practice.DataProviderTest" name="getData" time="1.481"/>
  <testcase classname="testNG_Practice.DataProviderTest" name="getData" time="1.571"/>
  <testcase classname="testNG_Practice.DataProviderTest" name="getData" time="1.537"/>
</testsuite> <!-- testNG_Practice.DataProviderTest -->
