<?xml version="1.0" encoding="UTF-8"?>
<!-- Generated by org.testng.reporters.JUnitReportReporter -->
<testsuite hostname="NandanV" failures="0" tests="1" name="organization.CreateOrganizationWithMandatoryFieldsTest$CreateOrganizationTypeWithIndustryTypeTest" time="10.579" errors="0" timestamp="2025-12-16T15:49:47 IST" skipped="0">
  <testcase classname="organization.CreateOrganizationWithMandatoryFieldsTest$CreateOrganizationTypeWithIndustryTypeTest" name="createOrganizationTypeWithIndustryTypeTest" time="10.579"/>
</testsuite> <!-- organization.CreateOrganizationWithMandatoryFieldsTest$CreateOrganizationTypeWithIndustryTypeTest -->
