<?xml version="1.0" encoding="UTF-8"?>
<!-- Generated by org.testng.reporters.JUnitReportReporter -->
<testsuite hostname="NandanV" failures="0" tests="2" name="contacts.CreateContactWithOrganizationName" time="18.538" errors="0" timestamp="2025-12-16T17:42:32 IST" skipped="0">
  <testcase classname="contacts.CreateContactWithOrganizationName" name="createContactsWithMandatoryFields" time="8.355"/>
  <testcase classname="contacts.CreateContactWithOrganizationName" name="createContactWithOrganizationName" time="10.183"/>
</testsuite> <!-- contacts.CreateContactWithOrganizationName -->
