<?xml version="1.0" encoding="UTF-8"?>
<!-- Generated by org.testng.reporters.JUnitReportReporter -->
<testsuite hostname="NandanV" failures="0" tests="1" name="opportunities.CreateOpportunitiesWithMandatoryFieldsTest" time="9.275" errors="0" timestamp="2025-12-16T17:37:13 IST" skipped="0">
  <testcase classname="opportunities.CreateOpportunitiesWithMandatoryFieldsTest" name="createOpportunitiesWithMandatoryFieldsTest" time="9.275"/>
</testsuite> <!-- opportunities.CreateOpportunitiesWithMandatoryFieldsTest -->
