<?xml version="1.0" encoding="UTF-8"?>
<!-- Generated by org.testng.reporters.JUnitReportReporter -->
<testsuite hostname="NandanV" failures="0" tests="6" name="testNG_Practice.SampleTest" time="0.018" errors="0" timestamp="2025-12-15T16:07:20 IST" skipped="0">
  <testcase classname="testNG_Practice.SampleTest" name="sample_5" time="0.001"/>
  <testcase classname="testNG_Practice.SampleTest" name="sample_6" time="0.001"/>
  <testcase classname="testNG_Practice.SampleTest" name="sample_2" time="0.001"/>
  <testcase classname="testNG_Practice.SampleTest" name="sample_7" time="0.001"/>
  <testcase classname="testNG_Practice.SampleTest" name="sample_1" time="0.007"/>
  <testcase classname="testNG_Practice.SampleTest" name="sample_4" time="0.007"/>
</testsuite> <!-- testNG_Practice.SampleTest -->
