<?xml version="1.0" encoding="UTF-8"?>
<!-- Generated by org.testng.reporters.JUnitReportReporter -->
<testsuite hostname="NandanV" failures="0" tests="4" name="testNG_Practice.Sample2" time="0.003" errors="0" timestamp="2025-12-15T16:07:20 IST" skipped="0">
  <testcase classname="testNG_Practice.Sample2" name="sample_M1" time="0.001"/>
  <testcase classname="testNG_Practice.Sample2" name="sample_M2" time="0.002"/>
  <testcase classname="testNG_Practice.Sample2" name="sample_M3" time="0.000"/>
  <testcase classname="testNG_Practice.Sample2" name="sample_M4" time="0.000"/>
</testsuite> <!-- testNG_Practice.Sample2 -->
