<?xml version="1.0" encoding="UTF-8"?>
<!-- Generated by org.testng.reporters.JUnitReportReporter -->
<testsuite hostname="NandanV" failures="0" tests="1" name="organization.CreateOrganizationTypeWithIndustryTypeTest" time="8.882" errors="0" timestamp="2025-12-16T16:05:15 IST" skipped="0">
  <testcase classname="organization.CreateOrganizationTypeWithIndustryTypeTest" name="createOrganizationTypeWithIndustryTypeTest" time="8.882"/>
</testsuite> <!-- organization.CreateOrganizationTypeWithIndustryTypeTest -->
