<?xml version="1.0" encoding="UTF-8"?>
<!-- Generated by org.testng.reporters.JUnitReportReporter -->
<testsuite hostname="NandanV" failures="0" tests="2" name="organization.CreateOrganizationWithMandatoryFieldsTest" time="17.972" errors="0" timestamp="2025-12-16T16:08:31 IST" skipped="0">
  <testcase classname="organization.CreateOrganizationWithMandatoryFieldsTest" name="createOrganizationWithMandatoryFieldsTest" time="8.963"/>
  <testcase classname="organization.CreateOrganizationWithMandatoryFieldsTest" name="createOrganizationTypeWithIndustryTypeTest" time="9.009"/>
</testsuite> <!-- organization.CreateOrganizationWithMandatoryFieldsTest -->
